107748
39
0
.
0x26
0xe4
0xa4
0x1
0x0
0x0
0x21
0x0
0xb6
0xed
0xc7
0x26
0xc6
0x88
0x2
0x1
0x6
0x2
0x8
0x0
0x3
0x3
0x61
0xfe
0x10
0xff
0x3
0x0
0x0
0x65
0x5a
0x0
0x0
0xc
0x7c
0x7a
0x91
0x3c
0xad
0x24
0x12


107826
40
0
.
0x27
0xe4
0xa4
0x1
0x0
0x0
0x21
0x0
0xb6
0xed
0xc7
0x26
0xc6
0x88
0x2
0x1
0x6
0x2
0x8
0x0
0x3
0x3
0x61
0xfe
0x10
0xff
0x3
0x0
0x0
0x65
0x5a
0x0
0x0
0xc
0x7c
0x7a
0x91
0x3c
0xad
0x24
0x12


107910
39
1
.
0x26
0x86
0xa5
0x1
0x0
0x0
0x21
0x0
0xb6
0xed
0xc7
0x26
0xc6
0x88
0x2
0x1
0x6
0x2
0x8
0x0
0x3
0x3
0x61
0xfe
0x10
0xff
0x3
0x0
0x0
0x65
0x5a
0x0
0x0
0xc
0x7c
0x7a
0x91
0x3c
0xad
0x24
0x12


107988
40
1
.
0x27
0x86
0xa5
0x1
0x0
0x0
0x21
0x0
0xb6
0xed
0xc7
0x26
0xc6
0x88
0x2
0x1
0x6
0x2
0x8
0x0
0x3
0x3
0x61
0xfe
0x10
0xff
0x3
0x0
0x0
0x65
0x5a
0x0
0x0
0xc
0x7c
0x7a
0x91
0x3c
0xad
0x24
0x12


111348
40
2
.
0x27
0xf4
0xb2
0x1
0x0
0x0
0x21
0x0
0xb6
0xed
0xc7
0x26
0xc6
0x88
0x2
0x1
0x6
0x2
0x8
0x0
0x3
0x3
0x61
0xfe
0x10
0xff
0x3
0x0
0x0
0x65
0x5a
0x0
0x0
0xc
0x7c
0x7a
0x91
0x3c
0xad
0x24
0x12


112260
39
0
.
0x26
0x84
0xb6
0x1
0x0
0x0
0x21
0x0
0xb6
0xed
0xc7
0x26
0xc6
0x88
0x2
0x1
0x6
0x2
0x8
0x0
0x3
0x3
0x61
0xfe
0x10
0xff
0x3
0x0
0x0
0x65
0x5a
0x0
0x0
0xc
0x7c
0x7a
0x91
0x3c
0xad
0x24
0x12


112338
40
0
.
0x27
0x84
0xb6
0x1
0x0
0x0
0x21
0x0
0xb6
0xed
0xc7
0x26
0xc6
0x88
0x2
0x1
0x6
0x2
0x8
0x0
0x3
0x3
0x61
0xfe
0x10
0xff
0x3
0x0
0x0
0x65
0x5a
0x0
0x0
0xc
0x7c
0x7a
0x91
0x3c
0xad
0x24
0x12


112848
38
2
.
0x25
0xd0
0xb8
0x1
0x0
0x0
0x21
0x0
0xb6
0xed
0xc7
0x26
0xc6
0x88
0x2
0x1
0x6
0x2
0x8
0x0
0x3
0x3
0x61
0xfe
0x10
0xff
0x3
0x0
0x0
0x65
0x5a
0x0
0x0
0xc
0x7c
0x7a
0x91
0x3c
0xad
0x24
0x12


112926
39
2
.
0x26
0xd0
0xb8
0x1
0x0
0x0
0x21
0x0
0xb6
0xed
0xc7
0x26
0xc6
0x88
0x2
0x1
0x6
0x2
0x8
0x0
0x3
0x3
0x61
0xfe
0x10
0xff
0x3
0x0
0x0
0x65
0x5a
0x0
0x0
0xc
0x7c
0x7a
0x91
0x3c
0xad
0x24
0x12


112998
40
2
.
0x27
0x24
0xb9
0x1
0x0
0x0
0x21
0x0
0xb6
0xed
0xc7
0x26
0xc6
0x88
0x2
0x1
0x6
0x2
0x8
0x0
0x3
0x3
0x61
0xfe
0x10
0xff
0x3
0x0
0x0
0x65
0x5a
0x0
0x0
0xc
0x7c
0x7a
0x91
0x3c
0xad
0x24
0x12


117222
40
1
.
0x27
0xe6
0xc9
0x1
0x0
0x0
0x21
0x0
0xb6
0xed
0xc7
0x26
0xc6
0x88
0x2
0x1
0x6
0x2
0x8
0x0
0x3
0x3
0x61
0xfe
0x10
0xff
0x3
0x0
0x0
0x65
0x5a
0x0
0x0
0xc
0x7c
0x7a
0x91
0x3c
0xad
0x24
0x12


122508
40
2
.
0x27
0x8c
0xde
0x1
0x0
0x0
0x21
0x0
0xb6
0xed
0xc7
0x26
0xc6
0x88
0x2
0x1
0x6
0x2
0x8
0x0
0x3
0x3
0x61
0xfe
0x10
0xff
0x3
0x0
0x0
0x65
0x5a
0x0
0x0
0xc
0x7c
0x7a
0x91
0x3c
0xad
0x24
0x12


123852
38
1
.
0x25
0xcc
0xe3
0x1
0x0
0x0
0x21
0x0
0xb6
0xed
0xc7
0x26
0xc6
0x88
0x2
0x1
0x6
0x2
0x8
0x0
0x3
0x3
0x61
0xfe
0x10
0xff
0x3
0x0
0x0
0x65
0x5a
0x0
0x0
0xc
0x7c
0x7a
0x91
0x3c
0xad
0x24
0x12


123930
39
1
.
0x26
0xcc
0xe3
0x1
0x0
0x0
0x21
0x0
0xb6
0xed
0xc7
0x26
0xc6
0x88
0x2
0x1
0x6
0x2
0x8
0x0
0x3
0x3
0x61
0xfe
0x10
0xff
0x3
0x0
0x0
0x65
0x5a
0x0
0x0
0xc
0x7c
0x7a
0x91
0x3c
0xad
0x24
0x12


124002
40
1
.
0x27
0x20
0xe4
0x1
0x0
0x0
0x21
0x0
0xb6
0xed
0xc7
0x26
0xc6
0x88
0x2
0x1
0x6
0x2
0x8
0x0
0x3
0x3
0x61
0xfe
0x10
0xff
0x3
0x0
0x0
0x65
0x5a
0x0
0x0
0xc
0x7c
0x7a
0x91
0x3c
0xad
0x24
0x12


130944
40
1
.
0x27
0x80
0xff
0x1
0x0
0x0
0x21
0x0
0xb6
0xed
0xc7
0x26
0xc6
0x88
0x2
0x1
0x6
0x2
0x8
0x0
0x3
0x3
0x61
0xfe
0x10
0xff
0x3
0x0
0x0
0x65
0x5a
0x0
0x0
0xc
0x7c
0x7a
0x91
0x3c
0xad
0x24
0x12


135516
40
1
.
0x27
0x5c
0x11
0x2
0x0
0x0
0x21
0x0
0xb6
0xed
0xc7
0x26
0xc6
0x88
0x2
0x1
0x6
0x2
0x8
0x0
0x3
0x3
0x61
0xfe
0x10
0xff
0x3
0x0
0x0
0x65
0x5a
0x0
0x0
0xc
0x7c
0x7a
0x91
0x3c
0xad
0x24
0x12


137364
40
2
.
0x27
0x94
0x18
0x2
0x0
0x0
0x21
0x0
0xb6
0xed
0xc7
0x26
0xc6
0x88
0x2
0x1
0x6
0x2
0x8
0x0
0x3
0x3
0x61
0xfe
0x10
0xff
0x3
0x0
0x0
0x65
0x5a
0x0
0x0
0xc
0x7c
0x7a
0x91
0x3c
0xad
0x24
0x12


138276
39
0
.
0x26
0x24
0x1c
0x2
0x0
0x0
0x21
0x0
0xb6
0xed
0xc7
0x26
0xc6
0x88
0x2
0x1
0x6
0x2
0x8
0x0
0x3
0x3
0x61
0xfe
0x10
0xff
0x3
0x0
0x0
0x65
0x5a
0x0
0x0
0xc
0x7c
0x7a
0x91
0x3c
0xad
0x24
0x12


138354
40
0
.
0x27
0x24
0x1c
0x2
0x0
0x0
0x21
0x0
0xb6
0xed
0xc7
0x26
0xc6
0x88
0x2
0x1
0x6
0x2
0x8
0x0
0x3
0x3
0x61
0xfe
0x10
0xff
0x3
0x0
0x0
0x65
0x5a
0x0
0x0
0xc
0x7c
0x7a
0x91
0x3c
0xad
0x24
0x12


139116
38
0
.
0x25
0x6c
0x1f
0x2
0x0
0x0
0x21
0x0
0xb6
0xed
0xc7
0x26
0xc6
0x88
0x2
0x1
0x6
0x2
0x8
0x0
0x3
0x3
0x61
0xfe
0x10
0xff
0x3
0x0
0x0
0x65
0x5a
0x0
0x0
0xc
0x7c
0x7a
0x91
0x3c
0xad
0x24
0x12


139188
39
0
.
0x26
0x6c
0x1f
0x2
0x0
0x0
0x21
0x0
0xb6
0xed
0xc7
0x26
0xc6
0x88
0x2
0x1
0x6
0x2
0x8
0x0
0x3
0x3
0x61
0xfe
0x10
0xff
0x3
0x0
0x0
0x65
0x5a
0x0
0x0
0xc
0x7c
0x7a
0x91
0x3c
0xad
0x24
0x12


139272
40
0
.
0x27
0xba
0x1f
0x2
0x0
0x0
0x21
0x0
0xb6
0xed
0xc7
0x26
0xc6
0x88
0x2
0x1
0x6
0x2
0x8
0x0
0x3
0x3
0x61
0xfe
0x10
0xff
0x3
0x0
0x0
0x65
0x5a
0x0
0x0
0xc
0x7c
0x7a
0x91
0x3c
0xad
0x24
0x12


139452
38
1
.
0x25
0xbc
0x20
0x2
0x0
0x0
0x21
0x0
0xb6
0xed
0xc7
0x26
0xc6
0x88
0x2
0x1
0x6
0x2
0x8
0x0
0x3
0x3
0x61
0xfe
0x10
0xff
0x3
0x0
0x0
0x65
0x5a
0x0
0x0
0xc
0x7c
0x7a
0x91
0x3c
0xad
0x24
0x12


139530
39
1
.
0x26
0xbc
0x20
0x2
0x0
0x0
0x21
0x0
0xb6
0xed
0xc7
0x26
0xc6
0x88
0x2
0x1
0x6
0x2
0x8
0x0
0x3
0x3
0x61
0xfe
0x10
0xff
0x3
0x0
0x0
0x65
0x5a
0x0
0x0
0xc
0x7c
0x7a
0x91
0x3c
0xad
0x24
0x12


139602
40
1
.
0x27
0x10
0x21
0x2
0x0
0x0
0x21
0x0
0xb6
0xed
0xc7
0x26
0xc6
0x88
0x2
0x1
0x6
0x2
0x8
0x0
0x3
0x3
0x61
0xfe
0x10
0xff
0x3
0x0
0x0
0x65
0x5a
0x0
0x0
0xc
0x7c
0x7a
0x91
0x3c
0xad
0x24
0x12


139698
39
0
.
0x26
0xb2
0x21
0x2
0x0
0x0
0x21
0x0
0xb6
0xed
0xc7
0x26
0xc6
0x88
0x2
0x1
0x6
0x2
0x8
0x0
0x3
0x3
0x61
0xfe
0x10
0xff
0x3
0x0
0x0
0x65
0x5a
0x0
0x0
0xc
0x7c
0x7a
0x91
0x3c
0xad
0x24
0x12


139776
40
0
.
0x27
0xb2
0x21
0x2
0x0
0x26
0xc6
0x88
0x2
0x1
0x6
0x2
0x8
0x0
0x3
0x3
0x61
0xfe
0x10
0xff
0x3
0x0
0x0
0x65
0x5a
0x0
0x0
0xc
0x7c
0x7a
0x91
0x3c
0xad
0x24
0x12
0x5a
0x0
0x0
0xc
0x7c
0x7a
0x91
0x3c
0xad
0x24
0x12
0xc7
0x26
0xc6
0x88
0x2
0x1
0x6
0x2
0x8
0x0
0x3
0x3
0x61
0xfe
0x10
0xff
0x3
0x0
0x0
0x65
0x5a
0x0
0x0
0xc
0x7c
0x7a
0x91
0x3c
0xad
0x24
0x12
0x0
0x0
0x0
0x0
0x0
0x0
0x0
0x0
0x0
0x0
0x0
0x0
0x0
0x0
0x0
0x0
0x0
0x0
0x0
0x0
0x0
0x0
0x0
0x0
0x0
0x0
0x0
0x0
0x0
0x27
0xc2
0x1e
0x1
0x0
0x0
0x21
0x0
0xb6
0xed
0xc7
0x26
0xc6
0x88
0x2
0x1
0x6
0x2
0x8
0x0
0x3
0x3
0x61
0xfe
0x10
0xff
0x3
0x0
0x0
0x65
0x5a
0x0
0x0
0xc
0x7c
0x7a
0x91
0x3c
0xad
0x24
0x12
0x0
0x0
0x0
0x0
0x0
0x0
0x0
0x0
0x0
0x0
0x0
0x0
0x0
0x0
0x0
0x0
0x0
0x0
0x0
0x0
0x0
0x0
0x0
0x0
0x0
0x0
0x0
0x0
0x0
0x0
0x0
0x0
0x0
0x0
0x0
0x0
0x0
0x0
0x0
0x0
0x0
0x0
0x0
0x0
0x0
0x0
0x0
0x0
0x0
0x0
0x0
0x0
0x0
0x0
0x0
0x0
0x0
0x0
0x0


141390
39
0
.
0x26
0x4e
0x28
0x2
0x0
0x0
0x21
0x0
0xb6
0xed
0xc7
0x26
0xc6
0x88
0x2
0x1
0x6
0x2
0x8
0x0
0x3
0x3
0x61
0xfe
0x10
0xff
0x3
0x0
0x0
0x65
0x5a
0x0
0x0
0xc
0x7c
0x7a
0x91
0x3c
0xad
0x24
0x12


141468
40
0
.
0x27
0x4e
0x28
0x2
0x0
0x0
0x21
0x0
0xb6
0xed
0xc7
0x26
0xc6
0x88
0x2
0x1
0x6
0x2
0x8
0x0
0x3
0x3
0x61
0xfe
0x10
0xff
0x3
0x0
0x0
0x65
0x5a
0x0
0x0
0xc
0x7c
0x7a
0x91
0x3c
0xad
0x24
0x12


143298
39
0
.
0x26
0xc2
0x2f
0x2
0x0
0x0
0x21
0x0
0xb6
0xed
0xc7
0x26
0xc6
0x88
0x2
0x1
0x6
0x2
0x8
0x0
0x3
0x3
0x61
0xfe
0x10
0xff
0x3
0x0
0x0
0x65
0x5a
0x0
0x0
0xc
0x7c
0x7a
0x91
0x3c
0xad
0x24
0x12


143376
40
0
.
0x27
0xc2
0x2f
0x2
0x0
0x0
0x21
0x0
0xb6
0xed
0xc7
0x26
0xc6
0x88
0x2
0x1
0x6
0x2
0x8
0x0
0x3
0x3
0x61
0xfe
0x10
0xff
0x3
0x0
0x0
0x65
0x5a
0x0
0x0
0xc
0x7c
0x7a
0x91
0x3c
0xad
0x24
0x12


147498
39
1
.
0x26
0x2a
0x40
0x2
0x0
0x0
0x21
0x0
0xb6
0xed
0xc7
0x26
0xc6
0x88
0x2
0x1
0x6
0x2
0x8
0x0
0x3
0x3
0x61
0xfe
0x10
0xff
0x3
0x0
0x0
0x65
0x5a
0x0
0x0
0xc
0x7c
0x7a
0x91
0x3c
0xad
0x24
0x12


147576
40
1
.
0x27
0x2a
0x40
0x2
0x0
0x0
0x21
0x0
0xb6
0xed
0xc7
0x26
0xc6
0x88
0x2
0x1
0x6
0x2
0x8
0x0
0x3
0x3
0x61
0xfe
0x10
0xff
0x3
0x0
0x0
0x65
0x5a
0x0
0x0
0xc
0x7c
0x7a
0x91
0x3c
0xad
0x24
0x12


147834
40
0
.
0x27
0x7a
0x41
0x2
0x0
0x0
0x21
0x0
0xb6
0xed
0xc7
0x26
0xc6
0x88
0x2
0x1
0x6
0x2
0x8
0x0
0x3
0x3
0x61
0xfe
0x10
0xff
0x3
0x0
0x0
0x65
0x5a
0x0
0x0
0xc
0x7c
0x7a
0x91
0x3c
0xad
0x24
0x12


148344
40
2
.
0x27
0x78
0x43
0x2
0x0
0x0
0x21
0x0
0xb6
0xed
0xc7
0x26
0xc6
0x88
0x2
0x1
0x6
0x2
0x8
0x0
0x3
0x3
0x61
0xfe
0x10
0xff
0x3
0x0
0x0
0x65
0x5a
0x0
0x0
0xc
0x7c
0x7a
0x91
0x3c
0xad
0x24
0x12


154974
38
0
.
0x25
0x5e
0x5d
0x2
0x0
0x0
0x21
0x0
0xb6
0xed
0xc7
0x26
0xc6
0x88
0x2
0x1
0x6
0x2
0x8
0x0
0x3
0x3
0x61
0xfe
0x10
0xff
0x3
0x0
0x0
0x65
0x5a
0x0
0x0
0xc
0x7c
0x7a
0x91
0x3c
0xad
0x24
0x12


155052
39
0
.
0x26
0x5e
0x5d
0x2
0x0
0x0
0x21
0x0
0xb6
0xed
0xc7
0x26
0xc6
0x88
0x2
0x1
0x6
0x2
0x8
0x0
0x3
0x3
0x61
0xfe
0x10
0xff
0x3
0x0
0x0
0x65
0x5a
0x0
0x0
0xc
0x7c
0x7a
0x91
0x3c
0xad
0x24
0x12


155130
40
0
.
0x27
0xb2
0x5d
0x2
0x0
0x0
0x21
0x0
0xb6
0xed
0xc7
0x26
0xc6
0x88
0x2
0x1
0x6
0x2
0x8
0x0
0x3
0x3
0x61
0xfe
0x10
0xff
0x3
0x0
0x0
0x65
0x5a
0x0
0x0
0xc
0x7c
0x7a
0x91
0x3c
0xad
0x24
0x12


156672
39
0
.
0x26
0x0
0x64
0x2
0x0
0x0
0x21
0x0
0xb6
0xed
0xc7
0x26
0xc6
0x88
0x2
0x1
0x6
0x2
0x8
0x0
0x3
0x3
0x61
0xfe
0x10
0xff
0x3
0x0
0x0
0x65
0x5a
0x0
0x0
0xc
0x7c
0x7a
0x91
0x3c
0xad
0x24
0x12


156750
40
0
.
0x27
0x0
0x64
0x2
0x0
0x0
0x21
0x0
0xb6
0xed
0xc7
0x26
0xc6
0x88
0x2
0x1
0x6
0x2
0x8
0x0
0x3
0x3
0x61
0xfe
0x10
0xff
0x3
0x0
0x0
0x65
0x5a
0x0
0x0
0xc
0x7c
0x7a
0x91
0x3c
0xad
0x24
0x12


157266
40
0
.
0x27
0x52
0x66
0x2
0x0
0x0
0x21
0x0
0xb6
0xed
0xc7
0x26
0xc6
0x88
0x2
0x1
0x6
0x2
0x8
0x0
0x3
0x3
0x61
0xfe
0x10
0xff
0x3
0x0
0x0
0x65
0x5a
0x0
0x0
0xc
0x7c
0x7a
0x91
0x3c
0xad
0x24
0x12


182136
38
2
.
0x25
0x78
0xc7
0x2
0x0
0x0
0x21
0x0
0xb6
0xed
0xc7
0x26
0xc6
0x88
0x2
0x1
0x6
0x2
0x8
0x0
0x3
0x3
0x61
0xfe
0x10
0xff
0x3
0x0
0x0
0x65
0x5a
0x0
0x0
0xc
0x7c
0x7a
0x91
0x3c
0xad
0x24
0x12


182214
39
2
.
0x26
0x78
0xc7
0x2
0x0
0x0
0x21
0x0
0xb6
0xed
0xc7
0x26
0xc6
0x88
0x2
0x1
0x6
0x2
0x8
0x0
0x3
0x3
0x61
0xfe
0x10
0xff
0x3
0x0
0x0
0x65
0x5a
0x0
0x0
0xc
0x7c
0x7a
0x91
0x3c
0xad
0x24
0x12


182292
40
2
.
0x27
0xcc
0xc7
0x2
0x0
0x0
0x21
0x0
0xb6
0xed
0xc7
0x26
0xc6
0x88
0x2
0x1
0x6
0x2
0x8
0x0
0x3
0x3
0x61
0xfe
0x10
0xff
0x3
0x0
0x0
0x65
0x5a
0x0
0x0
0xc
0x7c
0x7a
0x91
0x3c
0xad
0x24
0x12


184194
38
2
.
0x25
0x82
0xcf
0x2
0x0
0x0
0x21
0x0
0xb6
0xed
0xc7
0x26
0xc6
0x88
0x2
0x1
0x6
0x2
0x8
0x0
0x3
0x3
0x61
0xfe
0x10
0xff
0x3
0x0
0x0
0x65
0x5a
0x0
0x0
0xc
0x7c
0x7a
0x91
0x3c
0xad
0x24
0x12


184272
39
2
.
0x26
0x82
0xcf
0x2
0x0
0xb6
0xed
0xc7
0x26
0xc6
0x88
0x2
0x1
0x6
0x2
0x8
0x0
0x3
0x3
0x61
0xfe
0x10
0xff
0x3
0x0
0x0
0x65
0x5a
0x0
0x0
0xc
0x7c
0x7a
0x91
0x3c
0xad
0x24
0x12
0xc
0x7c
0x7a
0x91
0x3c
0xad
0x24
0x12
0x78
0x11
0xc3
0x65
0x2
0x1
0x1a
0xa
0xff
0x4c
0x0
0x10
0x5
0xa
0x10
0x5
0xcd
0x56
0x0
0x65
0x5a
0x0
0x0
0xc
0x7c
0x7a
0x91
0x3c
0xad
0x24
0x12
0x0
0x0
0x0
0x0
0x0
0x0
0x0
0x0
0x0
0x0
0x0
0x0
0x0
0x0
0x0
0x0
0x0
0x0
0x0
0x0
0x0
0x0
0x0
0x0
0x0
0x0
0x0
0x0
0x0
0x27
0xc2
0x1e
0x1
0x0
0x0
0x21
0x0
0xb6
0xed
0xc7
0x26
0xc6
0x88
0x2
0x1
0x6
0x2
0x8
0x0
0x3
0x3
0x61
0xfe
0x10
0xff
0x3
0x0
0x0
0x65
0x5a
0x0
0x0
0xc
0x7c
0x7a
0x91
0x3c
0xad
0x24
0x12
0x0
0x0
0x0
0x0
0x0
0x0
0x0
0x0
0x0
0x0
0x0
0x0
0x0
0x0
0x0
0x0
0x0
0x0
0x0
0x0
0x0
0x0
0x0
0x0
0x0
0x0
0x0
0x0
0x0
0x0
0x0
0x0
0x0
0x0
0x0
0x0
0x0
0x0
0x0
0x0
0x0
0x0
0x0
0x0
0x0
0x0
0x0
0x0
0x0
0x0
0x0
0x0
0x0
0x0
0x0
0x0
0x0
0x0
0x0
0x0
0x0
0x0
0x0
0x0
0x0
0x0
0x0
0x0
0x0
0x0
0x0
0x0
0x0
0x0
0x0
0x0
0x0
0x0
0x0
0x0
0x0
0x0
0x0
0x0
0x0
0x0
0x0
0x0
0x0
0x0
0x0
0x0
0x0
0x0
0x0
0x0
0x0
0x0


184710
40
2
.
0x27
0xdc
0xcf
0x2
0x0
0x0
0x21
0x0
0xb6
0xed
0xc7
0x26
0xc6
0x88
0x2
0x1
0x6
0x2
0x8
0x0
0x3
0x3
0x61
0xfe
0x10
0xff
0x3
0x0
0x0
0x65
0x5a
0x0
0x0
0xc
0x7c
0x7a
0x91
0x3c
0xad
0x24
0x12


184788
41
2
.
0x27
0x36
0xd0
0x2
0x0
0x0
0x21
0x0
0xb6
0xed
0xc7
0x26
0xc6
0x88
0x2
0x1
0x6
0x2
0x8
0x0
0x3
0x3
0x61
0xfe
0x10
0xff
0x3
0x0
0x0
0x65
0x5a
0x0
0x0
0xc
0x7c
0x7a
0x91
0x3c
0xad
0x24
0x12


184866
42
2
.
0x27
0x8a
0xd0
0x2
0x0
0x0
0x21
0x0
0xb6
0xed
0xc7
0x26
0xc6
0x88
0x2
0x1
0x6
0x2
0x8
0x0
0x3
0x3
0x61
0xfe
0x10
0xff
0x3
0x0
0x0
0x65
0x5a
0x0
0x0
0xc
0x7c
0x7a
0x91
0x3c
0xad
0x24
0x12


184944
43
2
.
0x27
0xde
0xd0
0x2
0x0
0x0
0x21
0x0
0xb6
0xed
0xc7
0x26
0xc6
0x88
0x2
0x1
0x6
0x2
0x8
0x0
0x3
0x3
0x61
0xfe
0x10
0xff
0x3
0x0
0x0
0x65
0x5a
0x0
0x0
0xc
0x7c
0x7a
0x91
0x3c
0xad
0x24
0x12


185016
44
2
.
0x27
0x38
0xd1
0x2
0x0
0x0
0x21
0x0
0xb6
0xed
0xc7
0x26
0xc6
0x88
0x2
0x1
0x6
0x2
0x8
0x0
0x3
0x3
0x61
0xfe
0x10
0xff
0x3
0x0
0x0
0x65
0x5a
0x0
0x0
0xc
0x7c
0x7a
0x91
0x3c
0xad
0x24
0x12


185208
39
1
.
0x26
0x78
0xd3
0x2
0x0
0x0
0x21
0x0
0xb6
0xed
0xc7
0x26
0xc6
0x88
0x2
0x1
0x6
0x2
0x8
0x0
0x3
0x3
0x61
0xfe
0x10
0xff
0x3
0x0
0x0
0x65
0x5a
0x0
0x0
0xc
0x7c
0x7a
0x91
0x3c
0xad
0x24
0x12


185286
40
1
.
0x27
0x78
0xd3
0x2
0x0
0x0
0x21
0x0
0xb6
0xed
0xc7
0x26
0xc6
0x88
0x2
0x1
0x6
0x2
0x8
0x0
0x3
0x3
0x61
0xfe
0x10
0xff
0x3
0x0
0x0
0x65
0x5a
0x0
0x0
0xc
0x7c
0x7a
0x91
0x3c
0xad
0x24
0x12


187488
40
1
.
0x27
0x60
0xdc
0x2
0x0
0x0
0x21
0x0
0xb6
0xed
0xc7
0x26
0xc6
0x88
0x2
0x1
0x6
0x2
0x8
0x0
0x3
0x3
0x61
0xfe
0x10
0xff
0x3
0x0
0x0
0x65
0x5a
0x0
0x0
0xc
0x7c
0x7a
0x91
0x3c
0xad
0x24
0x12


188082
38
2
.
0x25
0xb2
0xde
0x2
0x0
0x0
0x21
0x0
0xb6
0xed
0xc7
0x26
0xc6
0x88
0x2
0x1
0x6
0x2
0x8
0x0
0x3
0x3
0x61
0xfe
0x10
0xff
0x3
0x0
0x0
0x65
0x5a
0x0
0x0
0xc
0x7c
0x7a
0x91
0x3c
0xad
0x24
0x12


188160
39
2
.
0x26
0xb2
0xde
0x2
0x0
0x0
0x21
0x0
0xb6
0xed
0xc7
0x26
0xc6
0x88
0x2
0x1
0x6
0x2
0x8
0x0
0x3
0x3
0x61
0xfe
0x10
0xff
0x3
0x0
0x0
0x65
0x5a
0x0
0x0
0xc
0x7c
0x7a
0x91
0x3c
0xad
0x24
0x12


188922
38
2
.
0x25
0xfa
0xe1
0x2
0x0
0x0
0x21
0x0
0xb6
0xed
0xc7
0x26
0xc6
0x88
0x2
0x1
0x6
0x2
0x8
0x0
0x3
0x3
0x61
0xfe
0x10
0xff
0x3
0x0
0x0
0x65
0x5a
0x0
0x0
0xc
0x7c
0x7a
0x91
0x3c
0xad
0x24
0x12


189000
39
2
.
0x26
0xfa
0xe1
0x2
0x0
0x0
0x21
0x0
0xb6
0xed
0xc7
0x26
0xc6
0x88
0x2
0x1
0x6
0x2
0x8
0x0
0x3
0x3
0x61
0xfe
0x10
0xff
0x3
0x0
0x0
0x65
0x5a
0x0
0x0
0xc
0x7c
0x7a
0x91
0x3c
0xad
0x24
0x12


189078
40
2
.
0x27
0x4e
0xe2
0x2
0x0
0x0
0x21
0x0
0xb6
0xed
0xc7
0x26
0xc6
0x88
0x2
0x1
0x6
0x2
0x8
0x0
0x3
0x3
0x61
0xfe
0x10
0xff
0x3
0x0
0x0
0x65
0x5a
0x0
0x0
0xc
0x7c
0x7a
0x91
0x3c
0xad
0x24
0x12


190872
38
0
.
0x25
0x98
0xe9
0x2
0x0
0x0
0x21
0x0
0xb6
0xed
0xc7
0x26
0xc6
0x88
0x2
0x1
0x6
0x2
0x8
0x0
0x3
0x3
0x61
0xfe
0x10
0xff
0x3
0x0
0x0
0x65
0x5a
0x0
0x0
0xc
0x7c
0x7a
0x91
0x3c
0xad
0x24
0x12


190944
39
0
.
0x26
0x98
0xe9
0x2
0x0
0x0
0x21
0x0
0xb6
0xed
0xc7
0x26
0xc6
0x88
0x2
0x1
0x6
0x2
0x8
0x0
0x3
0x3
0x61
0xfe
0x10
0xff
0x3
0x0
0x0
0x65
0x5a
0x0
0x0
0xc
0x7c
0x7a
0x91
0x3c
0xad
0x24
0x12


191028
40
0
.
0x27
0xec
0xe9
0x2
0x0
0x0
0x21
0x0
0xb6
0xed
0xc7
0x26
0xc6
0x88
0x2
0x1
0x6
0x2
0x8
0x0
0x3
0x3
0x61
0xfe
0x10
0xff
0x3
0x0
0x0
0x65
0x5a
0x0
0x0
0xc
0x7c
0x7a
0x91
0x3c
0xad
0x24
0x12


192048
38
2
.
0x25
0x30
0xee
0x2
0x0
0x0
0x21
0x0
0xb6
0xed
0xc7
0x26
0xc6
0x88
0x2
0x1
0x6
0x2
0x8
0x0
0x3
0x3
0x61
0xfe
0x10
0xff
0x3
0x0
0x0
0x65
0x5a
0x0
0x0
0xc
0x7c
0x7a
0x91
0x3c
0xad
0x24
0x12


192120
39
2
.
0x26
0x30
0xee
0x2
0x0
0xb6
0xed
0xc7
0x26
0xc6
0x88
0x2
0x1
0x6
0x2
0x8
0x0
0x3
0x3
0x61
0xfe
0x10
0xff
0x3
0x0
0x0
0x65
0x5a
0x0
0x0
0xc
0x7c
0x7a
0x91
0x3c
0xad
0x24
0x12
0xc
0x7c
0x7a
0x91
0x3c
0xad
0x24
0x12
0x0
0x21
0x0
0xb6
0xed
0xc7
0x26
0xc6
0x88
0x2
0x1
0x6
0x2
0x8
0x0
0x3
0x3
0x61
0xfe
0x10
0xff
0x3
0x0
0x0
0x65
0x5a
0x0
0x0
0xc
0x7c
0x7a
0x91
0x3c
0xad
0x24
0x12
0x27
0x38
0xd1
0x2
0x0
0x0
0x21
0x0
0xb6
0xed
0xc7
0x26
0xc6
0x88
0x2
0x1
0x6
0x2
0x8
0x0
0x3
0x3
0x61
0xfe
0x10
0xff
0x3
0x0
0x0
0x65
0x5a
0x0
0x0
0xc
0x7c
0x7a
0x91
0x3c
0xad
0x24
0x12
0x27
0x38
0xd1
0x2
0x0
0x0
0x21
0x0
0xb6
0xed
0xc7
0x26
0xc6
0x88
0x2
0x1
0x6
0x2
0x8
0x0
0x3
0x3
0x61
0xfe
0x10
0xff
0x3
0x0
0x0
0x65
0x5a
0x0
0x0
0xc
0x7c
0x7a
0x91
0x3c
0xad
0x24
0x12
0x27
0x38
0xd1
0x2
0x0
0x0
0x21
0x0
0xb6
0xed
0xc7
0x26
0xc6
0x88
0x2
0x1
0x6
0x2
0x8
0x0
0x3
0x3
0x61
0xfe
0x10
0xff
0x3
0x0
0x0
0x65
0x5a
0x0
0x0
0xc
0x7c
0x7a
0x91
0x3c
0xad
0x24
0x12
0x0
0x21
0x0
0xb6
0xed
0xc7
0x26
0xc6
0x88
0x2
0x1
0x6
0x2
0x8
0x0
0x3
0x3
0x61
0xfe
0x10
0xff
0x3
0x0
0x0
0x0
0x0
0x0
0x0
0x0
0x0
0x0
0x0
0x0
0x0
0x0
0x0
0x0
0x0
0x0
0x0


192564
40
2
.
0x27
0x84
0xee
0x2
0x0
0x0
0x21
0x0
0xb6
0xed
0xc7
0x26
0xc6
0x88
0x2
0x1
0x6
0x2
0x8
0x0
0x3
0x3
0x61
0xfe
0x10
0xff
0x3
0x0
0x0
0x65
0x5a
0x0
0x0
0xc
0x7c
0x7a
0x91
0x3c
0xad
0x24
0x12


192642
41
2
.
0x27
0xd2
0xee
0x2
0x0
0x0
0x21
0x0
0xb6
0xed
0xc7
0x26
0xc6
0x88
0x2
0x1
0x6
0x2
0x8
0x0
0x3
0x3
0x61
0xfe
0x10
0xff
0x3
0x0
0x0
0x65
0x5a
0x0
0x0
0xc
0x7c
0x7a
0x91
0x3c
0xad
0x24
0x12


192720
42
2
.
0x27
0x2c
0xef
0x2
0x0
0x0
0x21
0x0
0xb6
0xed
0xc7
0x26
0xc6
0x88
0x2
0x1
0x6
0x2
0x8
0x0
0x3
0x3
0x61
0xfe
0x10
0xff
0x3
0x0
0x0
0x65
0x5a
0x0
0x0
0xc
0x7c
0x7a
0x91
0x3c
0xad
0x24
0x12


192798
43
2
.
0x27
0x80
0xef
0x2
0x0
0x0
0x21
0x0
0xb6
0xed
0xc7
0x26
0xc6
0x88
0x2
0x1
0x6
0x2
0x8
0x0
0x3
0x3
0x61
0xfe
0x10
0xff
0x3
0x0
0x0
0x65
0x5a
0x0
0x0
0xc
0x7c
0x7a
0x91
0x3c
0xad
0x24
0x12


192876
44
2
.
0x27
0xda
0xef
0x2
0x0
0x0
0x21
0x0
0xb6
0xed
0xc7
0x26
0xc6
0x88
0x2
0x1
0x6
0x2
0x8
0x0
0x3
0x3
0x61
0xfe
0x10
0xff
0x3
0x0
0x0
0x65
0x5a
0x0
0x0
0xc
0x7c
0x7a
0x91
0x3c
0xad
0x24
0x12


192948
45
2
.
0x27
0x2e
0xf0
0x2
0x0
0x0
0x21
0x0
0xb6
0xed
0xc7
0x26
0xc6
0x88
0x2
0x1
0x6
0x2
0x8
0x0
0x3
0x3
0x61
0xfe
0x10
0xff
0x3
0x0
0x0
0x65
0x5a
0x0
0x0
0xc
0x7c
0x7a
0x91
0x3c
0xad
0x24
0x12


195822
40
0
.
0x27
0xee
0xfc
0x2
0x0
0x0
0x21
0x0
0xb6
0xed
0xc7
0x26
0xc6
0x88
0x2
0x1
0x6
0x2
0x8
0x0
0x3
0x3
0x61
0xfe
0x10
0xff
0x3
0x0
0x0
0x65
0x5a
0x0
0x0
0xc
0x7c
0x7a
0x91
0x3c
0xad
0x24
0x12


198414
40
0
.
0x27
0xe
0x7
0x3
0x0
0x0
0x21
0x0
0xb6
0xed
0xc7
0x26
0xc6
0x88
0x2
0x1
0x6
0x2
0x8
0x0
0x3
0x3
0x61
0xfe
0x10
0xff
0x3
0x0
0x0
0x65
0x5a
0x0
0x0
0xc
0x7c
0x7a
0x91
0x3c
0xad
0x24
0x12


198588
38
0
.
0x25
0xbc
0x7
0x3
0x0
0x0
0x21
0x0
0xb6
0xed
0xc7
0x26
0xc6
0x88
0x2
0x1
0x6
0x2
0x8
0x0
0x3
0x3
0x61
0xfe
0x10
0xff
0x3
0x0
0x0
0x65
0x5a
0x0
0x0
0xc
0x7c
0x7a
0x91
0x3c
0xad
0x24
0x12


198660
39
0
.
0x26
0xbc
0x7
0x3
0x0
0x88
0x2
0x1
0x6
0x2


198684
40
0
.
0x27
0x10
0x8
0x3
0x0
0x0
0x21
0x0
0xb6
0xed
0xc7
0x26
0xc6
0x88
0x2
0x1
0x6
0x2
0x8
0x0
0x3
0x3
0x61
0xfe
0x10
0xff
0x3
0x0
0x0
0x65
0x5a
0x0
0x0
0xc
0x7c
0x7a
0x91
0x3c
0xad
0x24
0x12


200454
39
1
.
0x26
0x6
0xf
0x3
0x0
0x0
0x21
0x0
0xb6
0xed
0xc7
0x26
0xc6
0x88
0x2
0x1
0x6
0x2
0x8
0x0
0x3
0x3
0x61
0xfe
0x10
0xff
0x3
0x0
0x0
0x65
0x5a
0x0
0x0
0xc
0x7c
0x7a
0x91
0x3c
0xad
0x24
0x12


200532
40
1
.
0x27
0x6
0xf
0x3
0x0
0x0
0x21
0x0
0xb6
0xed
0xc7
0x26
0xc6
0x88
0x2
0x1
0x6
0x2
0x8
0x0
0x3
0x3
0x61
0xfe
0x10
0xff
0x3
0x0
0x0
0x65
0x5a
0x0
0x0
0xc
0x7c
0x7a
0x91
0x3c
0xad
0x24
0x12


202110
40
2
.
0x27
0x78
0x15
0x3
0x0
0x0
0x21
0x0
0xb6
0xed
0xc7
0x26
0xc6
0x88
0x2
0x1
0x6
0x2
0x8
0x0
0x3
0x3
0x61
0xfe
0x10
0xff
0x3
0x0
0x0
0x65
0x5a
0x0
0x0
0xc
0x7c
0x7a
0x91
0x3c
0xad
0x24
0x12


204300
38
1
.
0x25
0xc
0x1e
0x3
0x0
0x0
0x21
0x0
0xb6
0xed
0xc7
0x26
0xc6
0x88
0x2
0x1
0x6
0x2
0x8
0x0
0x3
0x3
0x61
0xfe
0x10
0xff
0x3
0x0
0x0
0x65
0x5a
0x0
0x0
0xc
0x7c
0x7a
0x91
0x3c
0xad
0x24
0x12


204378
39
1
.
0x26
0xc
0x1e
0x3
0x0
0xb6
0xed
0xc7
0x26
0xc6
0x88
0x2
0x1
0x6
0x2
0x8
0x0
0x3
0x3
0x61
0xfe
0x10
0xff
0x3
0x0
0x0
0x65
0x5a
0x0
0x0
0xc
0x7c
0x7a
0x91
0x3c
0xad
0x24
0x12
0xc
0x7c
0x7a
0x91
0x3c
0xad
0x24
0x12
0xc7
0x26
0xc6
0xb6
0xed
0xc7
0x26
0xc6
0x88
0x2
0x1
0x6
0x2
0x8
0x0
0x3
0x3
0x61
0xfe
0x10
0xff
0x3
0x0
0x0
0x65
0x5a
0x0
0x0
0xc
0x7c
0x7a
0x91
0x3c
0xad
0x24
0x12
0x27
0x2e
0xf0
0x2
0x0
0x0
0x21
0x0
0xb6
0xed
0xc7
0x26
0xc6
0x88
0x2
0x1
0x6
0x2
0x8
0x0
0x3
0x3
0x61
0xfe
0x10
0xff
0x3
0x0
0x0
0x65
0x5a
0x0
0x0
0xc
0x7c
0x7a
0x91
0x3c
0xad
0x24
0x12
0x27
0x2e
0xf0
0x2
0x0
0x0
0x21
0x0
0xb6
0xed
0xc7
0x26
0xc6
0x88
0x2
0x1
0x6
0x2
0x8
0x0
0x3
0x3
0x61
0xfe
0x10
0xff
0x3
0x0
0x0
0x65
0x5a
0x0
0x0
0xc
0x7c
0x7a
0x91
0x3c
0xad
0x24
0x12
0x27
0x2e
0xf0
0x2
0x0
0x0
0x21
0x0
0xb6
0xed
0xc7
0x26
0xc6
0x88
0x2
0x1
0x6
0x2
0x8
0x0
0x3
0x3
0x61
0xfe
0x10
0xff
0x3
0x0
0x0
0x65
0x5a
0x0
0x0
0xc
0x7c
0x7a
0x91
0x3c
0xad
0x24
0x12
0x27
0x2e
0xf0
0x2
0x0
0x0
0x21
0x0
0xb6
0xed
0xc7
0x26
0xc6
0x88
0x2
0x1
0x6
0x2
0x8
0x0
0x3
0x3
0x61
0xfe
0x10
0xff
0x3
0x0
0x0
0x65
0x5a
0x0
0x0
0xc
0x7c
0x7a
0x91
0x3c
0xad
0x24


204822
40
1
.
0x27
0x66
0x1e
0x3
0x0
0x0
0x21
0x0
0xb6
0xed
0xc7
0x26
0xc6
0x88
0x2
0x1
0x6
0x2
0x8
0x0
0x3
0x3
0x61
0xfe
0x10
0xff
0x3
0x0
0x0
0x65
0x5a
0x0
0x0
0xc
0x7c
0x7a
0x91
0x3c
0xad
0x24
0x12


204900
41
1
.
0x27
0xb4
0x1e
0x3
0x0
0x0
0x21
0x0
0xb6
0xed
0xc7
0x26
0xc6
0x88
0x2
0x1
0x6
0x2
0x8
0x0
0x3
0x3
0x61
0xfe
0x10
0xff
0x3
0x0
0x0
0x65
0x5a
0x0
0x0
0xc
0x7c
0x7a
0x91
0x3c
0xad
0x24
0x12


204978
42
1
.
0x27
0x8
0x1f
0x3
0x0
0x0
0x21
0x0
0xb6
0xed
0xc7
0x26
0xc6
0x88
0x2
0x1
0x6
0x2
0x8
0x0
0x3
0x3
0x61
0xfe
0x10
0xff
0x3
0x0
0x0
0x65
0x5a
0x0
0x0
0xc
0x7c
0x7a
0x91
0x3c
0xad
0x24
0x12


205050
43
1
.
0x27
0x5c
0x1f
0x3
0x0
0x0
0x21
0x0
0xb6
0xed
0xc7
0x26
0xc6
0x88
0x2
0x1
0x6
0x2
0x8
0x0
0x3
0x3
0x61
0xfe
0x10
0xff
0x3
0x0
0x0
0x65
0x5a
0x0
0x0
0xc
0x7c
0x7a
0x91
0x3c
0xad
0x24
0x12


205128
44
1
.
0x27
0xb6
0x1f
0x3
0x0
0x0
0x21
0x0
0xb6
0xed
0xc7
0x26
0xc6
0x88
0x2
0x1
0x6
0x2
0x8
0x0
0x3
0x3
0x61
0xfe
0x10
0xff
0x3
0x0
0x0
0x65
0x5a
0x0
0x0
0xc
0x7c
0x7a
0x91
0x3c
0xad
0x24
0x12


205206
45
1
.
0x27
0xa
0x20
0x3
0x0
0x0
0x21
0x0
0xb6
0xed
0xc7
0x26
0xc6
0x88
0x2
0x1
0x6
0x2
0x8
0x0
0x3
0x3
0x61
0xfe
0x10
0xff
0x3
0x0
0x0
0x65
0x5a
0x0
0x0
0xc
0x7c
0x7a
0x91
0x3c
0xad
0x24
0x12


206742
40
0
.
0x27
0x90
0x27
0x3
0x0
0x0
0x21
0x0
0xb6
0xed
0xc7
0x26
0xc6
0x88
0x2
0x1
0x6
0x2
0x8
0x0
0x3
0x3
0x61
0xfe
0x10
0xff
0x3
0x0
0x0
0x65
0x5a
0x0
0x0
0xc
0x7c
0x7a
0x91
0x3c
0xad
0x24
0x12


