
 >> Starting ... 

5124
39
2
.
0x26
0xfe
0x13
0x0
0x0
0x40
0x1d
0x0
0xb5
0x4a
0x94
0x76
0x52
0x4f
0x2
0x1
0x6
0x13
0xff
0x4c
0x0
0xc
0xe
0x0
0x73
0xcd
0x25
0x15
0x6c
0x9f
0xa7
0x88
0x9b
0x94
0x71
0xb2
0xa5


5190
40
2
.
0x27
0x4
0x14
0x0
0x0
0x1
0x6
0x13
0xff
0x4c
0x0
0xc
0xe
0x0


5868
39
1
.
0x26
0xec
0x16
0x0
0x0
0x0
0x21
0x0
0xb6
0xed
0xc7
0x26
0xc6
0x88
0x2
0x1
0x6
0x2
0x8
0x0
0x3
0x3
0x61
0xfe
0x10
0xff
0x3
0x0
0x0
0x65
0x5c
0x0
0x0
0xa
0xf4
0x31
0xc3
0x8c
0xf1
0x7d
0x12


5946
40
1
.
0x27
0xec
0x16
0x0
0x0
0x0
0x21
0x0
0xb6
0xed
0xc7
0x26
0xc6
0x88
0x2
0x1
0x6
0x2
0x8
0x0
0x3
0x3
0x61
0xfe
0x10
0xff
0x3
0x0
0x0
0x65
0x5c
0x0
0x0
0xa
0xf4
0x31
0xc3
0x8c
0xf1
0x7d
0x12


6216
39
1
.
0x26
0x48
0x18
0x0
0x0
0x40
0x1d
0x0
0xb5
0x4a
0x94
0x76
0x52
0x4f
0x2
0x1
0x6
0x13
0xff
0x4c
0x0
0xc
0xe
0x0
0x73
0xcd
0x25
0x15
0x6c
0x9f
0xa7
0x88
0x9b
0x94
0x71
0xb2
0xa5


6288
40
1
.
0x27
0x48
0x18
0x0
0x0
0x76
0x52
0x4f
0x2
0x1
0x6
0x13
0xff
0x4c
0x0
0xc
0xe
0x0
0x73
0xcd
0x25
0x15
0x6c
0x9f
0xa7
0x88
0x9b
0x94
0x71
0xb2
0xa5
0x25
0x15
0x6c
0x9f
0xa7
0x88
0x9b
0x94
0x71
0xb2
0xa5
0x40
0x1d
0x0
0xb5
0x2
0x0
0x0
0x0
0x0
0x0
0x0
0x0
0x0
0x0
0x0
0x0
0x0
0x0
0x0
0x0
0x0
0x0
0x0
0x0
0x0
0x0
0x0
0x0
0x0
0x0
0x0
0x0
0x0
0x0
0x0
0x0
0x0
0x0
0x0
0x0
0x0
0x0
0x0
0x0
0x0
0x0
0x0
0x0


6450
41
1
.
0x27
0x8a
0x18
0x0
0x0
0x0
0x21
0x0
0xb6
0xed
0xc7
0x26
0xc6
0x88
0x2
0x1
0x6
0x2
0x8
0x0
0x3
0x3
0x61
0xfe
0x10
0xff
0x3
0x0
0x0
0x65
0x5c
0x0
0x0
0xa
0xf4
0x31
0xc3
0x8c
0xf1
0x7d
0x12


7494
39
0
.
0x26
0x46
0x1d
0x0
0x0
0x40
0x1d
0x0
0xb5
0x4a
0x94
0x76
0x52
0x4f
0x2
0x1
0x6
0x13
0xff
0x4c
0x0
0xc
0xe
0x0
0x73
0xcd
0x25
0x15
0x6c
0x9f
0xa7
0x88
0x9b
0x94
0x71
0xb2
0xa5


7566
40
0
.
0x27
0x46
0x1d
0x0
0x0
0x40
0x1d
0x0
0xb5
0x4a
0x94
0x76
0x52
0x4f
0x2
0x1
0x6
0x13
0xff
0x4c
0x0
0xc
0xe
0x0
0x73
0xcd
0x25
0x15
0x6c
0x9f
0xa7
0x88
0x9b
0x94
0x71
0xb2
0xa5


10272
39
0
.
0x26
0x20
0x28
0x0
0x0
0x0
0x21
0x0
0xb6
0xed
0xc7
0x26
0xc6
0x88
0x2
0x1
0x6
0x2
0x8
0x0
0x3
0x3
0x61
0xfe
0x10
0xff
0x3
0x0
0x0
0x65
0x5c
0x0
0x0
0xa
0xf4
0x31
0xc3
0x8c
0xf1
0x7d
0x12


10350
40
0
.
0x27
0x20
0x28
0x0
0x0
0xb6
0xed
0xc7
0x26
0xc6
0x88
0x2
0x1
0x6
0x2
0x8
0x0
0x3
0x3
0x61
0xfe
0x10
0xff
0x3
0x0
0x0
0x65
0x5c
0x0
0x0
0xa
0xf4
0x31
0xc3
0x8c
0xf1
0x7d
0x12
0xa
0xf4
0x31
0xc3
0x8c
0xf1
0x7d
0x12
0x2
0x0
0x0
0x0
0x0
0x0
0x0
0x0
0x0
0x0
0x0
0x0
0x0
0x0
0x0
0x0
0x0
0x0
0x0
0x0
0x0
0x0
0x0
0x0
0x0
0x0
0x0
0x0
0x0
0x0
0x0
0x0
0x0
0x0
0x0
0x0
0x0
0x0
0x0
0x0
0x0
0x0
0x0
0x0
0x27
0x8a
0x18
0x0
0x0
0x0
0x21
0x0
0xb6
0xed
0xc7
0x26
0xc6
0x88
0x2
0x1
0x6
0x2
0x8
0x0
0x3
0x3
0x61
0xfe
0x10
0xff
0x3
0x0
0x0
0x65
0x5c
0x0
0x0
0xa
0xf4
0x31
0xc3
0x8c
0xf1
0x7d
0x12
0x0
0x0
0x0
0x0
0x0
0x0
0x0
0x0
0x0
0x0
0x0
0x0
0x0
0x0
0x0
0x0
0x0
0x0
0x0
0x0
0x0
0x0
0x0
0x0
0x0
0x0
0x0
0x0
0x0
0x0
0x0
0x0
0x0
0x0
0x0
0x0
0x0
0x0
0x0
0x0
0x0
0x0
0x0
0x0
0x0
0x0
0x0
0x0
0x0
0x0
0x0
0x0
0x0
0x0
0x0
0x0
0x0
0x0
0x0
0x0
0x0
0x0
0x0
0x0
0x0
0x0
0x0
0x0
0x0
0x0
0x0
0x0
0x0
0x0
0x0
0x0
0x0
0x0
0x0
0x0
0x0
0x0
0x0
0x0
0x0
0x0
0x0
0x0
0x0
0x0
0x0
0x0
0x0
0x0
0x0
0x0
0x0
0x0
0x0
0x0
0x0
0x0
0x0
0x0
0x0
0x0
0x0
0x0
0x0
0x0
0x0
0x0
0x0
0x0


11520
40
0
.
0x27
0x0
0x2d
0x0
0x0
0x3
0xc
0x0
0x24
0xad
0x3c
0x91
0x7a
0x7c
0xb6
0xed
0xc7
0x26
0xc6
0x88


12288
38
0
.
0x25
0x0
0x30
0x0
0x0
0x0
0x21
0x0
0xb6
0xed
0xc7
0x26
0xc6
0x88
0x2
0x1
0x6
0x2
0x8
0x0
0x3
0x3
0x61
0xfe
0x10
0xff
0x3
0x0
0x0
0x65
0x5c
0x0
0x0
0xa
0xf4
0x31
0xc3
0x8c
0xf1
0x7d
0x12


12366
39
0
.
0x26
0x0
0x30
0x0
0x0
0x0
0x21
0x0
0xb6
0xed
0xc7
0x26
0xc6
0x88
0x2
0x1
0x6
0x2
0x8
0x0
0x3
0x3
0x61
0xfe
0x10
0xff
0x3
0x0
0x0
0x65
0x5c
0x0
0x0
0xa
0xf4
0x31
0xc3
0x8c
0xf1
0x7d
0x12


12444
40
0
.
0x27
0x5a
0x30
0x0
0x0
0x0
0x21
0x0
0xb6
0xed
0xc7
0x26
0xc6
0x88
0x2
0x1
0x6
0x2
0x8
0x0
0x3
0x3
0x61
0xfe
0x10
0xff
0x3
0x0
0x0
0x65
0x5c
0x0
0x0
0xa
0xf4
0x31
0xc3
0x8c
0xf1
0x7d
0x12


13716
39
0
.
0x26
0x94
0x35
0x0
0x0
0x3
0xc
0x0
0x24
0xad
0x3c
0x91
0x7a
0x7c
0xb6
0xed
0xc7
0x26
0xc6
0x88


13758
40
0
.
0x27
0x94
0x35
0x0
0x0
0x0
0x21
0x0
0xb6
0xed
0xc7
0x26
0xc6
0x88
0x2
0x1
0x6
0x2
0x8
0x0
0x3
0x3
0x61
0xfe
0x10
0xff
0x3
0x0
0x0
0x65
0x5c
0x0
0x0
0xa
0xf4
0x31
0xc3
0x8c
0xf1
0x7d
0x12


16224
39
0
.
0x26
0x60
0x3f
0x0
0x0
0x0
0x21
0x0
0xb6
0xed
0xc7
0x26
0xc6
0x88
0x2
0x1
0x6
0x2
0x8
0x0
0x3
0x3
0x61
0xfe
0x10
0xff
0x3
0x0
0x0
0x65
0x5c
0x0
0x0
0xa
0xf4
0x31
0xc3
0x8c
0xf1
0x7d
0x12


16302
40
0
.
0x27
0x60
0x3f
0x0
0x0
0x0
0x21
0x0
0xb6
0xed
0xc7
0x26
0xc6
0x88
0x2
0x1
0x6
0x2
0x8
0x0
0x3
0x3
0x61
0xfe
0x10
0xff
0x3
0x0
0x0
0x65
0x5c
0x0
0x0
0xa
0xf4
0x31
0xc3
0x8c
0xf1
0x7d
0x12


17556
39
1
.
0x26
0x94
0x44
0x0
0x0
0x40
0x1d
0x0
0xb5
0x4a
0x94
0x76
0x52
0x4f
0x2
0x1
0x6
0x13
0xff
0x4c
0x0
0xc
0xe
0x0
0x73
0xcd
0x25
0x15
0x6c
0x9f
0xa7
0x88
0x9b
0x94
0x71
0xb2
0xa5


18132
38
0
.
0x25
0xd4
0x46
0x0
0x0
0x0
0x21
0x0
0xb6
0xed
0xc7
0x26
0xc6
0x88
0x2
0x1
0x6
0x2
0x8
0x0
0x3
0x3
0x61
0xfe
0x10
0xff
0x3
0x0
0x0
0x65
0x5c
0x0
0x0
0xa
0xf4
0x31
0xc3
0x8c
0xf1
0x7d
0x12


19206
38
2
.
0x25
0x6
0x4b
0x0
0x0
0x40
0x1d
0x0
0xb5
0x4a
0x94
0x76
0x52
0x4f
0x2
0x1
0x6
0x13
0xff
0x4c
0x0
0xc
0xe
0x0
0x73
0xcd
0x25
0x15
0x6c
0x9f
0xa7
0x88
0x9b
0x94
0x71
0xb2
0xa5


19278
39
2
.
0x26
0x6
0x4b
0x0
0x0
0x40
0x1d
0x0
0xb5
0x4a
0x94
0x76
0x52
0x4f
0x2
0x1
0x6
0x13
0xff
0x4c
0x0
0xc
0xe
0x0
0x73
0xcd
0x25
0x15
0x6c
0x9f
0xa7
0x88
0x9b
0x94
0x71
0xb2
0xa5


19344
40
2
.
0x26
0x12
0x4b
0x0
0x0
0x0
0x21
0x0
0xb6
0xed
0xc7
0x26
0xc6
0x88
0x2
0x1
0x6
0x2
0x8
0x0
0x3
0x3
0x61
0xfe
0x10
0xff
0x3
0x0
0x0
0x65
0x5c
0x0
0x0
0xa
0xf4
0x31
0xc3
0x8c
0xf1
0x7d
0x12


19422
41
2
.
0x27
0x66
0x4b
0x0
0x0
0x0
0x21
0x0
0xb6
0xed
0xc7
0x26
0xc6
0x88
0x2
0x1
0x6
0x2
0x8
0x0
0x3
0x3
0x61
0xfe
0x10
0xff
0x3
0x0
0x0
0x65
0x5c
0x0
0x0
0xa
0xf4
0x31
0xc3
0x8c
0xf1
0x7d
0x12


20310
39
0
.
0x26
0x56
0x4f
0x0
0x0
0x4
0x1d
0x0
0xb6
0xed
0xc7
0x26
0xc6
0x88
0x16
0xff
0x3
0x0
0x0
0x65
0x5c
0x0
0x0
0xa
0xf4
0x31
0xc3
0x8c
0xf1
0x7d
0x88
0xc6
0x26
0xc7
0xed
0xb6
0x12


21660
39
1
.
0x26
0x9c
0x54
0x0
0x0
0x0
0x21
0x0
0xb6
0xed
0xc7
0x26
0xc6
0x88
0x2
0x1
0x6
0x2
0x8
0x0
0x3
0x3
0x61
0xfe
0x10
0xff
0x3
0x0
0x0
0x65
0x5c
0x0
0x0
0xa
0xf4
0x31
0xc3
0x8c
0xf1
0x7d
0x12


21738
40
1
.
0x27
0x9c
0x54
0x0
0x0
0x0
0x21
0x0
0xb6
0xed
0xc7
0x26
0xc6
0x88
0x2
0x1
0x6
0x2
0x8
0x0
0x3
0x3
0x61
0xfe
0x10
0xff
0x3
0x0
0x0
0x65
0x5c
0x0
0x0
0xa
0xf4
0x31
0xc3
0x8c
0xf1
0x7d
0x12


24600
39
1
.
0x26
0x18
0x60
0x0
0x0
0x0
0x21
0x0
0xb6
0xed
0xc7
0x26
0xc6
0x88
0x2
0x1
0x6
0x2
0x8
0x0
0x3
0x3
0x61
0xfe
0x10
0xff
0x3
0x0
0x0
0x65
0x5c
0x0
0x0
0xa
0xf4
0x31
0xc3
0x8c
0xf1
0x7d
0x12


24672
40
1
.
0x27
0x18
0x60
0x0
0x0
0xed
0xc7
0x26
0xc6
0x88
0x2
0x1
0x6
0x2
0x8
0x0
0x3
0x3
0x61
0xfe
0x10
0xff
0x3
0x0
0x0
0x65
0x5c
0x0
0x0
0xa
0xf4
0x31
0xc3
0x8c
0xf1
0x7d
0x12
0x0
0xa
0xf4
0x31
0xc3
0x8c
0xf1
0x7d
0x12
0x0
0x21
0x0
0xb6
0xed
0xc7
0x26
0xc6
0x88
0x2
0x1
0x6
0x2
0x8
0x0
0x3
0x3
0x61
0xfe
0x10
0xff
0x3
0x0
0x0
0x65
0x5c
0x0
0x0
0xa
0xf4
0x31
0xc3
0x8c
0xf1
0x7d
0x12
0x12
0x0
0x0
0x0
0x0
0x0
0x0
0x0
0x27
0x8a
0x18
0x0
0x0
0x0
0x21
0x0
0xb6
0xed
0xc7
0x26
0xc6
0x88
0x2
0x1
0x6
0x2
0x8
0x0
0x3
0x3
0x61
0xfe
0x10
0xff
0x3
0x0
0x0
0x65
0x5c
0x0
0x0
0xa
0xf4
0x31
0xc3
0x8c
0xf1
0x7d
0x12
0x0
0x0
0x0
0x0
0x0
0x0
0x0
0x0
0x0
0x0
0x0
0x0
0x0
0x0
0x0
0x0
0x0
0x0
0x0
0x0
0x0
0x0
0x0
0x0
0x0
0x0
0x0
0x0
0x0
0x0
0x0
0x0
0x0
0x0
0x0
0x0
0x0
0x0
0x0
0x0
0x0
0x0
0x0
0x0
0x0
0x0
0x0
0x0
0x0
0x0
0x0
0x0
0x0
0x0
0x0
0x0
0x0
0x0
0x0
0x0
0x0
0x0
0x0
0x0
0x0
0x0
0x0
0x0
0x0
0x0
0x0
0x0
0x0
0x0
0x0
0x0


26850
40
1
.
0x27
0xe2
0x68
0x0
0x0
0x4
0x1d
0x0
0xb6
0xed
0xc7
0x26
0xc6
0x88
0x16
0xff
0x3
0x0
0x0
0x65
0x5c
0x0
0x0
0xa
0xf4
0x31
0xc3
0x8c
0xf1
0x7d
0x88
0xc6
0x26
0xc7
0xed
0xb6
0x12


27516
38
2
.
0x25
0x7c
0x6b
0x0
0x0
0x0
0x21
0x0
0xb6
0xed
0xc7
0x26
0xc6
0x88
0x2
0x1
0x6
0x2
0x8
0x0
0x3
0x3
0x61
0xfe
0x10
0xff
0x3
0x0
0x0
0x65
0x5c
0x0
0x0
0xa
0xf4
0x31
0xc3
0x8c
0xf1
0x7d
0x12


27594
39
2
.
0x26
0x7c
0x6b
0x0
0x0
0x21
0x0
0xb6


27612
40
2
.
0x27
0xca
0x6b
0x0
0x0
0x0
0x21
0x0
0xb6
0xed
0xc7
0x26
0xc6
0x88
0x2
0x1
0x6
0x2
0x8
0x0
0x3
0x3
0x61
0xfe
0x10
0xff
0x3
0x0
0x0
0x65
0x5c
0x0
0x0
0xa
0xf4
0x31
0xc3
0x8c
0xf1
0x7d
0x12


27852
39
1
.
0x26
0xcc
0x6c
0x0
0x0
0x43
0xc
0x0
0xa1
0xa7
0x91
0x2e
0x72
0x51
0xb6
0xed
0xc7
0x26
0xc6
0x88


27888
40
1
.
0x27
0xcc
0x6c
0x0
0x0
0x0
0x21
0x0
0xb6
0xed
0xc7
0x26
0xc6
0x88
0x2
0x1
0x6
0x2
0x8
0x0
0x3
0x3
0x61
0xfe
0x10
0xff
0x3
0x0
0x0
0x65
0x5c
0x0
0x0
0xa
0xf4
0x31
0xc3
0x8c
0xf1
0x7d
0x12


32916
38
0
.
0x25
0x94
0x80
0x0
0x0
0x40
0x1d
0x0
0xb5
0x4a
0x94
0x76
0x52
0x4f
0x2
0x1
0x6
0x13
0xff
0x4c
0x0
0xc
0xe
0x0
0x74
0xcd
0x4d
0x2f
0x3b
0xd5
0xf1
0xc8
0x41
0xac
0x14
0xd2
0xec


32988
39
0
.
0x26
0x94
0x80
0x0
0x0
0x94
0x76
0x52
0x4f
0x2
0x1
0x6
0x13
0xff
0x4c
0x0
0xc
0xe
0x0
0x74
0xcd
0x4d
0x2f
0x3b
0xd5
0xf1
0xc8
0x41
0xac
0x14
0xd2
0xec
0x2f
0x3b
0xd5
0xf1
0xc8
0x41
0xac
0x14
0xd2
0xec
0x40
0x1d
0x0
0xb5
0x0
0x21
0x0
0xb6
0xed
0xc7
0x26
0xc6
0x88
0x2
0x1
0x6
0x2
0x8
0x0
0x3
0x3
0x61
0xfe
0x10
0xff
0x3
0x0
0x0
0x65
0x5c
0x0
0x0
0xa
0xf4
0x31
0xc3
0x8c
0xf1
0x7d
0x12
0x12
0x0
0x0
0x0
0x0
0x0
0x0
0x0
0x27
0x8a
0x18
0x0
0x0
0x0
0x21
0x0
0xb6
0xed
0xc7
0x26
0xc6
0x88
0x2
0x1
0x6
0x2
0x8
0x0
0x3
0x3
0x61
0xfe
0x10
0xff
0x3
0x0
0x0
0x65
0x5c
0x0
0x0
0xa
0xf4
0x31


33216
40
0
.
0x26
0xb8
0x80
0x0
0x0
0x40
0x1d
0x0
0xb5
0x4a
0x94
0x76
0x52
0x4f
0x2
0x1
0x6
0x13
0xff
0x4c
0x0
0xc
0xe
0x0
0x74
0xcd
0x4d
0x2f
0x3b
0xd5
0xf1
0xc8
0x41
0xac
0x14
0xd2
0xec


33288
41
0
.
0x26
0xd6
0x80
0x0
0x0
0x40
0x1d
0x0
0xb5
0x4a
0x94
0x76
0x52
0x4f
0x2
0x1
0x6
0x13
0xff
0x4c
0x0
0xc
0xe
0x0
0x74
0xcd
0x4d
0x2f
0x3b
0xd5
0xf1
0xc8
0x41
0xac
0x14
0xd2
0xec


33360
42
0
.
0x27
0xe8
0x80
0x0
0x0
0x0
0x21
0x0
0xb6
0xed
0xc7
0x26
0xc6
0x88
0x2
0x1
0x6
0x2
0x8
0x0
0x3
0x3
0x61
0xfe
0x10
0xff
0x3
0x0
0x0
0x65
0x5c
0x0
0x0
0xa
0xf4
0x31
0xc3
0x8c
0xf1
0x7d
0x12


33438
43
0
.
0x27
0xe8
0x80
0x0
0x0
0x3
0xc
0x0
0x24
0xad
0x3c
0x91
0x7a
0x7c
0xb6
0xed
0xc7
0x26
0xc6
0x88


33480
44
0
.
0x27
0xe8
0x80
0x0
0x0
0x4
0x1d
0x0
0xb6
0xed
0xc7
0x26
0xc6
0x88
0x16
0xff
0x3
0x0
0x0
0x65
0x5c
0x0
0x0
0xa
0xf4
0x31
0xc3
0x8c
0xf1
0x7d
0x88
0xc6
0x26
0xc7
0xed
0xb6
0x12


33546
45
0
.
0x27
0x42
0x81
0x0
0x0
0x0
0x21
0x0
0xb6
0xed
0xc7
0x26
0xc6
0x88
0x2
0x1
0x6
0x2
0x8
0x0
0x3
0x3
0x61
0xfe
0x10
0xff
0x3
0x0
0x0
0x65
0x5c
0x0
0x0
0xa
0xf4
0x31
0xc3
0x8c
0xf1
0x7d
0x12


33624
46
0
.
0x27
0x90
0x81
0x0
0x0
0x0
0x21
0x0
0xb6
0xed
0xc7
0x26
0xc6
0x88
0x2
0x1
0x6
0x2
0x8
0x0
0x3
0x3
0x61
0xfe
0x10
0xff
0x3
0x0
0x0
0x65
0x5c
0x0
0x0
0xa
0xf4
0x31
0xc3
0x8c
0xf1
0x7d
0x12


34332
38
0
.
0x25
0x16
0x86
0x0
0x0
0x3
0xc
0x0
0x24
0xad
0x3c
0x91
0x7a
0x7c
0xb6
0xed
0xc7
0x26
0xc6
0x88


36420
39
0
.
0x26
0x44
0x8e
0x0
0x0
0x0
0x21
0x0
0xb6
0xed
0xc7
0x26
0xc6
0x88
0x2
0x1
0x6
0x2
0x8
0x0
0x3
0x3
0x61
0xfe
0x10
0xff
0x3
0x0
0x0
0x65
0x5c
0x0
0x0
0xa
0xf4
0x31
0xc3
0x8c
0xf1
0x7d
0x12


36504
40
0
.
0x27
0x44
0x8e
0x0
0x0
0x0
0x21
0x0
0xb6
0xed
0xc7
0x26
0xc6
0x88
0x2
0x1
0x6
0x2
0x8
0x0
0x3
0x3
0x61
0xfe
0x10
0xff
0x3
0x0
0x0
0x65
0x5c
0x0
0x0
0xa
0xf4
0x31
0xc3
0x8c
0xf1
0x7d
0x12


36594
39
2
.
0x26
0xf2
0x8e
0x0
0x0
0x0
0x21
0x0
0xb6
0xed
0xc7
0x26
0xc6
0x88
0x2
0x1
0x6
0x2
0x8
0x0
0x3
0x3
0x61
0xfe
0x10
0xff
0x3
0x0
0x0
0x65
0x5c
0x0
0x0
0xa
0xf4
0x31
0xc3
0x8c
0xf1
0x7d
0x12


37098
39
1
.
0x26
0xea
0x90
0x0
0x0
0x0
0x21
0x0
0xb6
0xed
0xc7
0x26
0xc6
0x88
0x2
0x1
0x6
0x2
0x8
0x0
0x3
0x3
0x61
0xfe
0x10
0xff
0x3
0x0
0x0
0x65
0x5c
0x0
0x0
0xa
0xf4
0x31
0xc3
0x8c
0xf1
0x7d
0x12


37176
40
1
.
0x27
0xea
0x90
0x0
0x0
0x0
0x21
0x0
0xb6
0xed
0xc7
0x26
0xc6
0x88
0x2
0x1
0x6
0x2
0x8
0x0
0x3
0x3
0x61
0xfe
0x10
0xff
0x3
0x0
0x0
0x65
0x5c
0x0
0x0
0xa
0xf4
0x31
0xc3
0x8c
0xf1
0x7d
0x12


44322
40
2
.
0x27
0x22
0xad
0x0
0x0
0x3
0xc
0x0
0x24
0xad
0x3c
0x91
0x7a
0x7c
0xb6
0xed
0xc7
0x26
0xc6
0x88


44568
38
1
.
0x25
0x18
0xae
0x0
0x0
0x0
0x21
0x0
0xb6
0xed
0xc7
0x26
0xc6
0x88
0x2
0x1
0x6
0x2
0x8
0x0
0x3
0x3
0x61
0xfe
0x10
0xff
0x3
0x0
0x0
0x65
0x5c
0x0
0x0
0xa
0xf4
0x31
0xc3
0x8c
0xf1
0x7d
0x12


44652
39
1
.
0x26
0x18
0xae
0x0
0x0
0x0
0x21
0x0
0xb6
0xed
0xc7
0x26
0xc6
0x88
0x2
0x1
0x6
0x2
0x8
0x0
0x3
0x3
0x61
0xfe
0x10
0xff
0x3
0x0
0x0
0x65
0x5c
0x0
0x0
0xa
0xf4
0x31
0xc3
0x8c
0xf1
0x7d
0x12


44724
40
1
.
0x26
0x18
0xae
0x0
0x0
0x3
0xc
0x0
0x24
0xad
0x3c
0x91
0x7a
0x7c
0xb6
0xed
0xc7
0x26
0xc6
0x88


44766
41
1
.
0x26
0x1e
0xae
0x0
0x0
0x4
0x1d
0x0
0xb6
0xed
0xc7
0x26
0xc6
0x88
0x16
0xff
0x3
0x0
0x0
0x65
0x5c
0x0
0x0
0xa
0xf4
0x31
0xc3
0x8c
0xf1
0x7d
0x88
0xc6
0x26
0xc7
0xed
0xb6
0x12


44838
42
1
.
0x27
0x6c
0xae
0x0
0x0
0x0
0x21
0x0
0xb6
0xed
0xc7
0x26
0xc6
0x88
0x2
0x1
0x6
0x2
0x8
0x0
0x3
0x3
0x61
0xfe
0x10
0xff
0x3
0x0
0x0
0x65
0x5c
0x0
0x0
0xa
0xf4
0x31
0xc3
0x8c
0xf1
0x7d
0x12


45234
40
2
.
0x27
0xb2
0xb0
0x0
0x0
0x0
0x21
0x0
0xb6
0xed
0xc7
0x26
0xc6
0x88
0x2
0x1
0x6
0x2
0x8
0x0
0x3
0x3
0x61
0xfe
0x10
0xff
0x3
0x0
0x0
0x65
0x5c
0x0
0x0
0xa
0xf4
0x31
0xc3
0x8c
0xf1
0x7d
0x12


46320
40
2
.
0x27
0xf0
0xb4
0x0
0x0
0x0
0x21
0x0
0xb6
0xed
0xc7
0x26
0xc6
0x88
0x2
0x1
0x6
0x2
0x8
0x0
0x3
0x3
0x61
0xfe
0x10
0xff
0x3
0x0
0x0
0x65
0x5c
0x0
0x0
0xa
0xf4
0x31
0xc3
0x8c
0xf1
0x7d
0x12


47238
39
1
.
0x26
0x86
0xb8
0x0
0x0
0x3
0xc
0x0
0x24
0xad
0x3c
0x91
0x7a
0x7c
0xb6
0xed
0xc7
0x26
0xc6
0x88


47280
40
1
.
0x27
0x86
0xb8
0x0
0x0
0x0
0x21
0x0
0xb6
0xed
0xc7
0x26
0xc6
0x88
0x2
0x1
0x6
0x2
0x8
0x0
0x3
0x3
0x61
0xfe
0x10
0xff
0x3
0x0
0x0
0x65
0x5c
0x0
0x0
0xa
0xf4
0x31
0xc3
0x8c
0xf1
0x7d
0x12


48144
40
2
.
0x27
0x10
0xbc
0x0
0x0
0x0
0x21
0x0
0xb6
0xed
0xc7
0x26
0xc6
0x88
0x2
0x1
0x6
0x2
0x8
0x0
0x3
0x3
0x61
0xfe
0x10
0xff
0x3
0x0
0x0
0x65
0x5c
0x0
0x0
0xa
0xf4
0x31
0xc3
0x8c
0xf1
0x7d
0x12


49812
40
2
.
0x27
0x8e
0xc2
0x0
0x0
0x0
0x21
0x0
0xb6
0xed
0xc7
0x26
0xc6
0x88
0x2
0x1
0x6
0x2
0x8
0x0
0x3
0x3
0x61
0xfe
0x10
0xff
0x3
0x0
0x0
0x65
0x5c
0x0
0x0
0xa
0xf4
0x31
0xc3
0x8c
0xf1
0x7d
0x12


52446
38
2
.
0x25
0xde
0xcc
0x0
0x0
0x0
0x21
0x0
0xb6
0xed
0xc7
0x26
0xc6
0x88
0x2
0x1
0x6
0x2
0x8
0x0
0x3
0x3
0x61
0xfe
0x10
0xff
0x3
0x0
0x0
0x65
0x5c
0x0
0x0
0xa
0xf4
0x31
0xc3
0x8c
0xf1
0x7d
0x12


52530
39
2
.
0x26
0xde
0xcc
0x0
0x0
0x0
0x21
0x0
0xb6
0xed
0xc7
0x26
0xc6
0x88
0x2
0x1
0x6
0x2
0x8
0x0
0x3
0x3
0x61
0xfe
0x10
0xff
0x3
0x0
0x0
0x65
0x5c
0x0
0x0
0xa
0xf4
0x31
0xc3
0x8c
0xf1
0x7d
0x12


52608
40
2
.
0x27
0x38
0xcd
0x0
0x0
0x0
0x21
0x0
0xb6
0xed
0xc7
0x26
0xc6
0x88
0x2
0x1
0x6
0x2
0x8
0x0
0x3
0x3
0x61
0xfe
0x10
0xff
0x3
0x0
0x0
0x65
0x5c
0x0
0x0
0xa
0xf4
0x31
0xc3
0x8c
0xf1
0x7d
0x12


52698
38
1
.
0x25
0xda
0xcd
0x0
0x0
0x0
0x21
0x0
0xb6
0xed
0xc7
0x26
0xc6
0x88
0x2
0x1
0x6
0x2
0x8
0x0
0x3
0x3
0x61
0xfe
0x10
0xff
0x3
0x0
0x0
0x65
0x5c
0x0
0x0
0xa
0xf4
0x31
0xc3
0x8c
0xf1
0x7d
0x12


52770
39
1
.
0x26
0xda
0xcd
0x0
0x0
0x0
0x21
0x0
0xb6
0xed
0xc7
0x26
0xc6
0x88
0x2
0x1
0x6
0x2
0x8
0x0
0x3
0x3
0x61
0xfe
0x10
0xff
0x3
0x0
0x0
0x65
0x5c
0x0
0x0
0xa
0xf4
0x31
0xc3
0x8c
0xf1
0x7d
0x12


52848
40
1
.
0x27
0x2e
0xce
0x0
0x0
0x0
0x21
0x0
0xb6
0xed
0xc7
0x26
0xc6
0x88
0x2
0x1
0x6
0x2
0x8
0x0
0x3
0x3
0x61
0xfe
0x10
0xff
0x3
0x0
0x0
0x65
0x5c
0x0
0x0
0xa
0xf4
0x31
0xc3
0x8c
0xf1
0x7d
0x12


53964
38
2
.
0x25
0xc6
0xd2
0x0
0x0
0x0
0x21
0x0
0xb6
0xed
0xc7
0x26
0xc6
0x88
0x2
0x1
0x6
0x2
0x8
0x0
0x3
0x3
0x61
0xfe
0x10
0xff
0x3
0x0
0x0
0x65
0x5c
0x0
0x0
0xa
0xf4
0x31
0xc3
0x8c
0xf1
0x7d
0x12


54036
39
2
.
0x26
0xcc
0xd2
0x0
0x0
0x0
0x21
0x0
0xb6
0xed
0xc7
0x26
0xc6
0x88
0x2
0x1
0x6
0x2
0x8
0x0
0x3
0x3
0x61
0xfe
0x10
0xff
0x3
0x0
0x0
0x65
0x5c
0x0
0x0
0xa
0xf4
0x31
0xc3
0x8c
0xf1
0x7d
0x12


54114
40
2
.
0x27
0x1a
0xd3
0x0
0x0
0x0
0x21
0x0
0xb6
0xed
0xc7
0x26
0xc6
0x88
0x2
0x1
0x6
0x2
0x8
0x0
0x3
0x3
0x61
0xfe
0x10
0xff
0x3
0x0
0x0
0x65
0x5c
0x0
0x0
0xa
0xf4
0x31
0xc3
0x8c
0xf1
0x7d
0x12


54630
39
2
.
0x26
0x66
0xd5
0x0
0x0
0x0
0x21
0x0
0xb6
0xed
0xc7
0x26
0xc6
0x88
0x2
0x1
0x6
0x2
0x8
0x0
0x3
0x3
0x61
0xfe
0x10
0xff
0x3
0x0
0x0
0x65
0x5c
0x0
0x0
0xa
0xf4
0x31
0xc3
0x8c
0xf1
0x7d
0x12


54708
40
2
.
0x27
0x66
0xd5
0x0
0x0
0x0
0x21
0x0
0xb6
0xed
0xc7
0x26
0xc6
0x88
0x2
0x1
0x6
0x2
0x8
0x0
0x3
0x3
0x61
0xfe
0x10
0xff
0x3
0x0
0x0
0x65
0x5c
0x0
0x0
0xa
0xf4
0x31
0xc3
0x8c
0xf1
0x7d
0x12


54786
41
2
.
0x27
0xb4
0xd5
0x0
0x0
0x0
0x21
0x0
0xb6
0xed
0xc7
0x26
0xc6
0x88
0x2
0x1
0x6
0x2
0x8
0x0
0x3
0x3
0x61
0xfe
0x10
0xff
0x3
0x0
0x0
0x65
0x5c
0x0
0x0
0xa
0xf4
0x31
0xc3
0x8c
0xf1
0x7d
0x12


54876
40
1
.
0x27
0x5c
0xd6
0x0
0x0
0x3
0xc
0x0
0x24
0xad
0x3c
0x91
0x7a
0x7c
0xb6
0xed
0xc7
0x26
0xc6
0x88


58656
40
1
.
0x27
0x1a
0xe5
0x0
0x0
0x3
0xc
0x0
0x24
0xad
0x3c
0x91
0x7a
0x7c
0xb6
0xed
0xc7
0x26
0xc6
0x88


60312
40
2
.
0x27
0x98
0xeb
0x0
0x0
0x0
0x21
0x0
0xb6
0xed
0xc7
0x26
0xc6
0x88
0x2
0x1
0x6
0x2
0x8
0x0
0x3
0x3
0x61
0xfe
0x10
0xff
0x3
0x0
0x0
0x65
0x5c
0x0
0x0
0xa
0xf4
0x31
0xc3
0x8c
0xf1
0x7d
0x12


63924
40
1
.
0x27
0xb4
0xf9
0x0
0x0
0x0
0x21
0x0
0xb6
0xed
0xc7
0x26
0xc6
0x88
0x2
0x1
0x6
0x2
0x8
0x0
0x3
0x3
0x61
0xfe
0x10
0xff
0x3
0x0
0x0
0x65
0x5c
0x0
0x0
0xa
0xf4
0x31
0xc3
0x8c
0xf1
0x7d
0x12


65592
40
1
.
0x27
0x38
0x0
0x1
0x0
0x0
0x21
0x0
0xb6
0xed
0xc7
0x26
0xc6
0x88
0x2
0x1
0x6
0x2
0x8
0x0
0x3
0x3
0x61
0xfe
0x10
0xff
0x3
0x0
0x0
0x65
0x5c
0x0
0x0
0xa
0xf4
0x31
0xc3
0x8c
0xf1
0x7d
0x12


69624
38
1
.
0x25
0xf8
0xf
0x1
0x0
0x0
0x21
0x0
0xb6
0xed
0xc7
0x26
0xc6
0x88
0x2
0x1
0x6
0x2
0x8
0x0
0x3
0x3
0x61
0xfe
0x10
0xff
0x3
0x0
0x0
0x65
0x5c
0x0
0x0
0xa
0xf4
0x31
0xc3
0x8c
0xf1
0x7d
0x12


69696
39
1
.
0x26
0xf8
0xf
0x1
0x0
0xed
0xc7
0x26
0xc6
0x88
0x2
0x1
0x6
0x2
0x8
0x0
0x3
0x3
0x61
0xfe
0x10
0xff
0x3
0x0
0x0
0x65
0x5c
0x0
0x0
0xa
0xf4
0x31
0xc3
0x8c
0xf1
0x7d
0x12
0x0
0xa
0xf4
0x31
0xc3
0x8c
0xf1
0x7d
0x12
0x0
0x21
0x0
0xb6
0xed
0xc7
0x26
0xc6
0x88
0x2
0x1
0x6
0x2
0x8
0x0
0x3
0x3
0x61
0xfe
0x10
0xff
0x3
0x0
0x0
0x65
0x5c
0x0
0x0
0xa
0xf4
0x31
0xc3
0x8c
0xf1
0x7d
0x12
0x12
0x3
0x61
0xfe
0x10
0x5c
0x0
0x0
0xa
0xf4
0x31
0xc3
0x8c
0xf1
0x7d
0x12
0x26
0xc7
0xed
0xb6
0x12
0x3
0x3
0x61
0xfe
0x65
0x5c
0x0
0x0
0xa
0xf4
0x31
0xc3
0x8c
0xf1
0x7d
0x12
0x3
0x61
0xfe
0x10
0xff
0x3
0x0
0x0
0x65
0x5c
0x0
0x0
0xa
0xf4
0x31
0xc3
0x8c
0xf1
0x7d
0x12
0x27
0x90
0x81
0x0
0x0
0x0
0x21
0x0
0xb6
0xed
0xc7
0x26
0xc6
0x88
0x2
0x1
0x6
0x2
0x8
0x0
0x3
0x3
0x61
0xfe
0x10
0xff
0x3
0x0
0x0
0x65
0x5c
0x0
0x0
0xa
0xf4
0x31
0xc3
0x8c
0xf1
0x7d
0x12
0x0
0x0
0x21
0x0
0xb6
0xed
0xc7
0x26
0xc6
0x88
0x2
0x1
0x6
0x2
0x8
0x0
0x3
0x3
0x61
0xfe
0x10
0xff
0x3
0x0
0x0
0x65
0x5c


70074
40
1
.
0x27
0x4c
0x10
0x1
0x0
0x0
0x21
0x0
0xb6
0xed
0xc7
0x26
0xc6
0x88
0x2
0x1
0x6
0x2
0x8
0x0
0x3
0x3
0x61
0xfe
0x10
0xff
0x3
0x0
0x0
0x65
0x5c
0x0
0x0
0xa
0xf4
0x31
0xc3
0x8c
0xf1
0x7d
0x12


70152
41
1
.
0x27
0xa0
0x10
0x1
0x0
0x0
0x21
0x0
0xb6
0xed
0xc7
0x26
0xc6
0x88
0x2
0x1
0x6
0x2
0x8
0x0
0x3
0x3
0x61
0xfe
0x10
0xff
0x3
0x0
0x0
0x65
0x5c
0x0
0x0
0xa
0xf4
0x31
0xc3
0x8c
0xf1
0x7d
0x12


70230
42
1
.
0x27
0xfa
0x10
0x1
0x0
0x0
0x21
0x0
0xb6
0xed
0xc7
0x26
0xc6
0x88
0x2
0x1
0x6
0x2
0x8
0x0
0x3
0x3
0x61
0xfe
0x10
0xff
0x3
0x0
0x0
0x65
0x5c
0x0
0x0
0xa
0xf4
0x31
0xc3
0x8c
0xf1
0x7d
0x12


70308
43
1
.
0x27
0xfa
0x10
0x1
0x0
0x3
0xc
0x0
0x24
0xad
0x3c
0x91
0x7a
0x7c
0xb6
0xed
0xc7
0x26
0xc6
0x88


70344
44
1
.
0x27
0xfa
0x10
0x1
0x0
0x4
0x1d
0x0
0xb6
0xed
0xc7
0x26
0xc6
0x88
0x16
0xff
0x3
0x0
0x0
0x65
0x5c
0x0
0x0
0xa
0xf4
0x31
0xc3
0x8c
0xf1
0x7d
0x88
0xc6
0x26
0xc7
0xed
0xb6
0x12


70416
45
1
.
0x27
0x9c
0x11
0x1
0x0
0x0
0x21
0x0
0xb6
0xed
0xc7
0x26
0xc6
0x88
0x2
0x1
0x6
0x2
0x8
0x0
0x3
0x3
0x61
0xfe
0x10
0xff
0x3
0x0
0x0
0x65
0x5c
0x0
0x0
0xa
0xf4
0x31
0xc3
0x8c
0xf1
0x7d
0x12


72828
38
0
.
0x25
0x76
0x1c
0x1
0x0
0x0
0x21
0x0
0xb6
0xed
0xc7
0x26
0xc6
0x88
0x2
0x1
0x6
0x2
0x8
0x0
0x3
0x3
0x61
0xfe
0x10
0xff
0x3
0x0
0x0
0x65
0x5c
0x0
0x0
0xa
0xf4
0x31
0xc3
0x8c
0xf1
0x7d
0x12


72900
39
0
.
0x26
0x7c
0x1c
0x1
0x0
0xb6
0xed
0xc7
0x26
0xc6
0x88
0x2
0x1
0x6
0x2
0x8
0x0
0x3
0x3
0x61
0xfe
0x10
0xff
0x3
0x0
0x0
0x65
0x5c
0x0
0x0
0xa
0xf4
0x31
0xc3
0x8c
0xf1
0x7d
0x12
0xa
0xf4
0x31
0xc3
0x8c
0xf1
0x7d
0x12
0xed
0xc7
0x26
0xc6
0x88
0x2
0x1
0x6
0x2
0x8
0x0
0x3
0x3
0x61
0xfe
0x10
0xff
0x3
0x0
0x0
0x65
0x5c
0x0
0x0
0xa
0xf4
0x31
0xc3
0x8c
0xf1
0x7d
0x12
0x3
0x61
0xfe
0x10
0xff
0x3
0x0
0x0
0x65
0x5c
0x0
0x0
0xa
0xf4
0x31
0xc3
0x8c
0xf1
0x7d
0x12
0x27
0x9c
0x11
0x1
0x0
0x0
0x21
0x0
0xb6
0xed
0xc7
0x26
0xc6
0x88
0x2
0x1
0x6
0x2
0x8
0x0
0x3
0x3
0x61
0xfe
0x10
0xff
0x3
0x0
0x0
0x65
0x5c
0x0
0x0
0xa
0xf4
0x31
0xc3
0x8c
0xf1
0x7d
0x12
0x27
0x9c
0x11
0x1
0x0
0x0
0x21
0x0
0xb6
0xed
0xc7
0x26
0xc6
0x88
0x2
0x1
0x6
0x2
0x8
0x0
0x3
0x3
0x61
0xfe
0x10
0xff
0x3
0x0
0x0
0x65
0x5c
0x0
0x0
0xa
0xf4
0x31
0xc3
0x8c
0xf1
0x7d
0x12
0x27
0x9c
0x11
0x1
0x0
0x0
0x21
0x0
0xb6
0xed
0xc7
0x26
0xc6
0x88
0x2
0x1
0x6
0x2
0x8
0x0
0x3
0x3
0x61
0xfe
0x10
0xff
0x3
0x0
0x0
0x65
0x5c
0x0
0x0
0xa
0xf4
0x31
0xc3
0x8c
0xf1
0x7d
0x12
0x12
0x0
0x0
0x21
0x0
0x88
0x2
0x1
0x6
0x2
0x8
0x0
0x3
0x3
0x61
0xfe
0x10
0xff
0x3
0x0
0x0
0x65
0x5c
0x0


73344
40
0
.
0x27
0xca
0x1c
0x1
0x0
0x0
0x21
0x0
0xb6
0xed
0xc7
0x26
0xc6
0x88
0x2
0x1
0x6
0x2
0x8
0x0
0x3
0x3
0x61
0xfe
0x10
0xff
0x3
0x0
0x0
0x65
0x5c
0x0
0x0
0xa
0xf4
0x31
0xc3
0x8c
0xf1
0x7d
0x12


73428
41
0
.
0x27
0x1e
0x1d
0x1
0x0
0x0
0x21
0x0
0xb6
0xed
0xc7
0x26
0xc6
0x88
0x2
0x1
0x6
0x2
0x8
0x0
0x3
0x3
0x61
0xfe
0x10
0xff
0x3
0x0
0x0
0x65
0x5c
0x0
0x0
0xa
0xf4
0x31
0xc3
0x8c
0xf1
0x7d
0x12


73500
42
0
.
0x27
0x72
0x1d
0x1
0x0
0x0
0x21
0x0
0xb6
0xed
0xc7
0x26
0xc6
0x88
0x2
0x1
0x6
0x2
0x8
0x0
0x3
0x3
0x61
0xfe
0x10
0xff
0x3
0x0
0x0
0x65
0x5c
0x0
0x0
0xa
0xf4
0x31
0xc3
0x8c
0xf1
0x7d
0x12


73578
43
0
.
0x27
0x72
0x1d
0x1
0x0
0x4
0x1d
0x0
0xb6
0xed
0xc7
0x26
0xc6
0x88
0x16
0xff
0x3
0x0
0x0
0x65
0x5c
0x0
0x0
0xa
0xf4
0x31
0xc3
0x8c
0xf1
0x7d
0x88
0xc6
0x26
0xc7
0xed
0xb6
0x12


73650
44
0
.
0x27
0xc6
0x1d
0x1
0x0
0x0
0x21
0x0
0xb6
0xed
0xc7
0x26
0xc6
0x88
0x2
0x1
0x6
0x2
0x8
0x0
0x3
0x3
0x61
0xfe
0x10
0xff
0x3
0x0
0x0
0x65
0x5c
0x0
0x0
0xa
0xf4
0x31
0xc3
0x8c
0xf1
0x7d
0x12


73722
45
0
.
0x27
0x1a
0x1e
0x1
0x0
0x0
0x21
0x0
0xb6
0xed
0xc7
0x26
0xc6
0x88
0x2
0x1
0x6
0x2
0x8
0x0
0x3
0x3
0x61
0xfe
0x10
0xff
0x3
0x0
0x0
0x65
0x5c
0x0
0x0
0xa
0xf4
0x31
0xc3
0x8c
0xf1
0x7d
0x12


73806
46
0
.
0x27
0x6e
0x1e
0x1
0x0
0x0
0x21
0x0
0xb6
0xed
0xc7
0x26
0xc6
0x88
0x2
0x1
0x6
0x2
0x8
0x0
0x3
0x3
0x61
0xfe
0x10
0xff
0x3
0x0
0x0
0x65
0x5c
0x0
0x0
0xa
0xf4
0x31
0xc3
0x8c
0xf1
0x7d
0x12


74262
40
2
.
0x27
0x10
0x22
0x1
0x0
0x0
0x21
0x0
0xb6
0xed
0xc7
0x26
0xc6
0x88
0x2
0x1
0x6
0x2
0x8
0x0
0x3
0x3
0x61
0xfe
0x10
0xff
0x3
0x0
0x0
0x65
0x5c
0x0
0x0
0xa
0xf4
0x31
0xc3
0x8c
0xf1
0x7d
0x12


74598
40
1
.
0x27
0x66
0x23
0x1
0x0
0x0
0x21
0x0
0xb6
0xed
0xc7
0x26
0xc6
0x88
0x2
0x1
0x6
0x2
0x8
0x0
0x3
0x3
0x61
0xfe
0x10
0xff
0x3
0x0
0x0
0x65
0x5c
0x0
0x0
0xa
0xf4
0x31
0xc3
0x8c
0xf1
0x7d
0x12


76332
38
1
.
0x25
0x2c
0x2a
0x1
0x0
0x0
0x21
0x0
0xb6
0xed
0xc7
0x26
0xc6
0x88
0x2
0x1
0x6
0x2
0x8
0x0
0x3
0x3
0x61
0xfe
0x10
0xff
0x3
0x0
0x0
0x65
0x5c
0x0
0x0
0xa
0xf4
0x31
0xc3
0x8c
0xf1
0x7d
0x12


76410
39
1
.
0x26
0x2c
0x2a
0x1
0x0
0x0
0x21
0x0
0xb6
0xed
0xc7
0x26
0xc6
0x88
0x2
0x1
0x6
0x2
0x8
0x0
0x3
0x3
0x61
0xfe
0x10
0xff
0x3
0x0
0x0
0x65
0x5c
0x0
0x0
0xa
0xf4
0x31
0xc3
0x8c
0xf1
0x7d
0x12


76488
40
1
.
0x27
0x86
0x2a
0x1
0x0
0x0
0x21
0x0
0xb6
0xed
0xc7
0x26
0xc6
0x88
0x2
0x1
0x6
0x2
0x8
0x0
0x3
0x3
0x61
0xfe
0x10
0xff
0x3
0x0
0x0
0x65
0x5c
0x0
0x0
0xa
0xf4
0x31
0xc3
0x8c
0xf1
0x7d
0x12


76758
38
1
.
0x25
0xd6
0x2b
0x1
0x0
0x0
0x21
0x0
0xb6
0xed
0xc7
0x26
0xc6
0x88
0x2
0x1
0x6
0x2
0x8
0x0
0x3
0x3
0x61
0xfe
0x10
0xff
0x3
0x0
0x0
0x65
0x5c
0x0
0x0
0xa
0xf4
0x31
0xc3
0x8c
0xf1
0x7d
0x12


76836
39
1
.
0x26
0xd6
0x2b
0x1
0x0
0x0
0x21
0x0
0xb6
0xed
0xc7
0x26
0xc6
0x88
0x2
0x1
0x6
0x2
0x8
0x0
0x3
0x3
0x61
0xfe
0x10
0xff
0x3
0x0
0x0
0x65
0x5c
0x0
0x0
0xa
0xf4
0x31
0xc3
0x8c
0xf1
0x7d
0x12


76908
40
1
.
0x27
0x2a
0x2c
0x1
0x0
0x0
0x21
0x0
0xb6
0xed
0xc7
0x26
0xc6
0x88
0x2
0x1
0x6
0x2
0x8
0x0
0x3
0x3
0x61
0xfe
0x10
0xff
0x3
0x0
0x0
0x65
0x5c
0x0
0x0
0xa
0xf4
0x31
0xc3
0x8c
0xf1
0x7d
0x12


84498
40
2
.
0x27
0x12
0x4a
0x1
0x0
0x0
0x21
0x0
0xb6
0xed
0xc7
0x26
0xc6
0x88
0x2
0x1
0x6
0x2
0x8
0x0
0x3
0x3
0x61
0xfe
0x10
0xff
0x3
0x0
0x0
0x65
0x5c
0x0
0x0
0xa
0xf4
0x31
0xc3
0x8c
0xf1
0x7d
0x12


84738
40
1
.
0x27
0x2
0x4b
0x1
0x0
0x0
0x21
0x0
0xb6
0xed
0xc7
0x26
0xc6
0x88
0x2
0x1
0x6
0x2
0x8
0x0
0x3
0x3
0x61
0xfe
0x10
0xff
0x3
0x0
0x0
0x65
0x5c
0x0
0x0
0xa
0xf4
0x31
0xc3
0x8c
0xf1
0x7d
0x12


100692
39
1
.
0x26
0x54
0x89
0x1
0x0
0x0
0x21
0x0
0xb6
0xed
0xc7
0x26
0xc6
0x88
0x2
0x1
0x6
0x2
0x8
0x0
0x3
0x3
0x61
0xfe
0x10
0xff
0x3
0x0
0x0
0x65
0x5c
0x0
0x0
0xa
0xf4
0x31
0xc3
0x8c
0xf1
0x7d
0x12


100770
40
1
.
0x27
0x54
0x89
0x1
0x0
0x0
0x21
0x0
0xb6
0xed
0xc7
0x26
0xc6
0x88
0x2
0x1
0x6
0x2
0x8
0x0
0x3
0x3
0x61
0xfe
0x10
0xff
0x3
0x0
0x0
0x65
0x5c
0x0
0x0
0xa
0xf4
0x31
0xc3
0x8c
0xf1
0x7d
0x12


102876
39
2
.
0x26
0xdc
0x91
0x1
0x0
0x0
0x21
0x0
0xb6
0xed
0xc7
0x26
0xc6
0x88
0x2
0x1
0x6
0x2
0x8
0x0
0x3
0x3
0x61
0xfe
0x10
0xff
0x3
0x0
0x0
0x65
0x5c
0x0
0x0
0xa
0xf4
0x31
0xc3
0x8c
0xf1
0x7d
0x12


102960
40
2
.
0x27
0xdc
0x91
0x1
0x0
0x0
0x21
0x0
0xb6
0xed
0xc7
0x26
0xc6
0x88
0x2
0x1
0x6
0x2
0x8
0x0
0x3
0x3
0x61
0xfe
0x10
0xff
0x3
0x0
0x0
0x65
0x5c
0x0
0x0
0xa
0xf4
0x31
0xc3
0x8c
0xf1
0x7d
0x12


103212
39
0
.
0x26
0x2c
0x93
0x1
0x0
0x0
0x21
0x0
0xb6
0xed
0xc7
0x26
0xc6
0x88
0x2
0x1
0x6
0x2
0x8
0x0
0x3
0x3
0x61
0xfe
0x10
0xff
0x3
0x0
0x0
0x65
0x5c
0x0
0x0
0xa
0xf4
0x31
0xc3
0x8c
0xf1
0x7d
0x12


103290
40
0
.
0x27
0x2c
0x93
0x1
0x0
0x0
0x21
0x0
0xb6
0xed
0xc7
0x26
0xc6
0x88
0x2
0x1
0x6
0x2
0x8
0x0
0x3
0x3
0x61
0xfe
0x10
0xff
0x3
0x0
0x0
0x65
0x5c
0x0
0x0
0xa
0xf4
0x31
0xc3
0x8c
0xf1
0x7d
0x12


103962
39
1
.
0x26
0x14
0x96
0x1
0x0
0x0
0x21
0x0
0xb6
0xed
0xc7
0x26
0xc6
0x88
0x2
0x1
0x6
0x2
0x8
0x0
0x3
0x3
0x61
0xfe
0x10
0xff
0x3
0x0
0x0
0x65
0x5c
0x0
0x0
0xa
0xf4
0x31
0xc3
0x8c
0xf1
0x7d
0x12


104034
40
1
.
0x27
0x1a
0x96
0x1
0x0
0x0
0x21
0x0
0xb6
0xed
0xc7
0x26
0xc6
0x88
0x2
0x1
0x6
0x2
0x8
0x0
0x3
0x3
0x61
0xfe
0x10
0xff
0x3
0x0
0x0
0x65
0x5c
0x0
0x0
0xa
0xf4
0x31
0xc3
0x8c
0xf1
0x7d
0x12


108384
40
0
.
0x27
0x60
0xa7
0x1
0x0
0x0
0x21
0x0
0xb6
0xed
0xc7
0x26
0xc6
0x88
0x2
0x1
0x6
0x2
0x8
0x0
0x3
0x3
0x61
0xfe
0x10
0xff
0x3
0x0
0x0
0x65
0x5c
0x0
0x0
0xa
0xf4
0x31
0xc3
0x8c
0xf1
0x7d
0x12


109632
38
0
.
0x25
0x3a
0xac
0x1
0x0
0x0
0x21
0x0
0xb6
0xed
0xc7
0x26
0xc6
0x88
0x2
0x1
0x6
0x2
0x8
0x0
0x3
0x3
0x61
0xfe
0x10
0xff
0x3
0x0
0x0
0x65
0x5c
0x0
0x0
0xa
0xf4
0x31
0xc3
0x8c
0xf1
0x7d
0x12


109704
39
0
.
0x26
0x40
0xac
0x1
0x0
0x88
0x2
0x1
0x6
0x2


109728
40
0
.
0x27
0x94
0xac
0x1
0x0
0x0
0x21
0x0
0xb6
0xed
0xc7
0x26
0xc6
0x88
0x2
0x1
0x6
0x2
0x8
0x0
0x3
0x3
0x61
0xfe
0x10
0xff
0x3
0x0
0x0
0x65
0x5c
0x0
0x0
0xa
0xf4
0x31
0xc3
0x8c
0xf1
0x7d
0x12


